D:\c sharp\Visual Studio 2015\SubWayTicket\SubWayTicket\src\app\app.component.js
D:\c sharp\Visual Studio 2015\SubWayTicket\SubWayTicket\src\app\app.component.js.map
D:\c sharp\Visual Studio 2015\SubWayTicket\SubWayTicket\src\app\app.module.js
D:\c sharp\Visual Studio 2015\SubWayTicket\SubWayTicket\src\app\app.module.js.map
D:\c sharp\Visual Studio 2015\SubWayTicket\SubWayTicket\src\main.js
D:\c sharp\Visual Studio 2015\SubWayTicket\SubWayTicket\src\main.js.map
D:\c sharp\Visual Studio 2015\SubWayTicket\SubWayTicket\src\app\app.component.spec.js
D:\c sharp\Visual Studio 2015\SubWayTicket\SubWayTicket\src\app\app.component.spec.js.map
D:\c sharp\Visual Studio 2015\SubWayTicket\SubWayTicket\src\app\app.component.js
D:\c sharp\Visual Studio 2015\SubWayTicket\SubWayTicket\src\app\app.component.js.map
D:\c sharp\Visual Studio 2015\SubWayTicket\SubWayTicket\src\app\app.module.js
D:\c sharp\Visual Studio 2015\SubWayTicket\SubWayTicket\src\app\app.module.js.map
D:\c sharp\Visual Studio 2015\SubWayTicket\SubWayTicket\src\main.js
D:\c sharp\Visual Studio 2015\SubWayTicket\SubWayTicket\src\main.js.map
D:\c sharp\Visual Studio 2015\SubWayTicket\SubWayTicket\src\app\app.component.spec.js
D:\c sharp\Visual Studio 2015\SubWayTicket\SubWayTicket\src\app\app.component.spec.js.map
D:\c sharp\Visual Studio 2015\SubWayTicket\SubWayTicket\src\main.js
D:\c sharp\Visual Studio 2015\SubWayTicket\SubWayTicket\src\main.js.map
D:\c sharp\Visual Studio 2015\SubWayTicket\SubWayTicket\src\app\subway.component.js
D:\c sharp\Visual Studio 2015\SubWayTicket\SubWayTicket\src\app\subway.component.js.map
D:\c sharp\Visual Studio 2015\SubWayTicket\SubWayTicket\src\app\subway.module.js
D:\c sharp\Visual Studio 2015\SubWayTicket\SubWayTicket\src\app\subway.module.js.map
D:\c sharp\Visual Studio 2015\SubWayTicket\SubWayTicket\src\app\subway.component.js
D:\c sharp\Visual Studio 2015\SubWayTicket\SubWayTicket\src\app\subway.component.js.map
D:\c sharp\Visual Studio 2015\SubWayTicket\SubWayTicket\src\app\subway.module.js
D:\c sharp\Visual Studio 2015\SubWayTicket\SubWayTicket\src\app\subway.module.js.map
D:\c sharp\Visual Studio 2015\SubWayTicket\SubWayTicket\src\main.js
D:\c sharp\Visual Studio 2015\SubWayTicket\SubWayTicket\src\main.js.map
D:\c sharp\Visual Studio 2015\SubWayTicket\SubWayTicket\src\app\subway.component.js
D:\c sharp\Visual Studio 2015\SubWayTicket\SubWayTicket\src\app\subway.component.js.map
D:\c sharp\Visual Studio 2015\SubWayTicket\SubWayTicket\src\app\subway.module.js
D:\c sharp\Visual Studio 2015\SubWayTicket\SubWayTicket\src\app\subway.module.js.map
D:\c sharp\Visual Studio 2015\SubWayTicket\SubWayTicket\src\main.js
D:\c sharp\Visual Studio 2015\SubWayTicket\SubWayTicket\src\main.js.map
D:\c sharp\Visual Studio 2015\SubWayTicket\SubWayTicket\src\app\subway.service.js
D:\c sharp\Visual Studio 2015\SubWayTicket\SubWayTicket\src\app\subway.service.js.map
D:\c sharp\Visual Studio 2015\SubWayTicket\SubWayTicket\src\app\subway.component.js
D:\c sharp\Visual Studio 2015\SubWayTicket\SubWayTicket\src\app\subway.component.js.map
D:\c sharp\Visual Studio 2015\SubWayTicket\SubWayTicket\src\app\subway.module.js
D:\c sharp\Visual Studio 2015\SubWayTicket\SubWayTicket\src\app\subway.module.js.map
D:\c sharp\Visual Studio 2015\SubWayTicket\SubWayTicket\src\main.js
D:\c sharp\Visual Studio 2015\SubWayTicket\SubWayTicket\src\main.js.map
D:\c sharp\Visual Studio 2015\SubWayTicket\SubWayTicket\src\app\subway.service.js
D:\c sharp\Visual Studio 2015\SubWayTicket\SubWayTicket\src\app\subway.service.js.map
D:\c sharp\Visual Studio 2015\SubWayTicket\SubWayTicket\src\app\subway.component.js
D:\c sharp\Visual Studio 2015\SubWayTicket\SubWayTicket\src\app\subway.component.js.map
D:\c sharp\Visual Studio 2015\SubWayTicket\SubWayTicket\src\app\subway.module.js
D:\c sharp\Visual Studio 2015\SubWayTicket\SubWayTicket\src\app\subway.module.js.map
D:\c sharp\Visual Studio 2015\SubWayTicket\SubWayTicket\src\main.js
D:\c sharp\Visual Studio 2015\SubWayTicket\SubWayTicket\src\main.js.map
D:\c sharp\Visual Studio 2015\SubWayTicket\SubWayTicket\src\app\subway.service.js
D:\c sharp\Visual Studio 2015\SubWayTicket\SubWayTicket\src\app\subway.service.js.map
D:\c sharp\Visual Studio 2015\SubWayTicket\SubWayTicket\src\app\subway.component.js
D:\c sharp\Visual Studio 2015\SubWayTicket\SubWayTicket\src\app\subway.component.js.map
D:\c sharp\Visual Studio 2015\SubWayTicket\SubWayTicket\src\app\subway.module.js
D:\c sharp\Visual Studio 2015\SubWayTicket\SubWayTicket\src\app\subway.module.js.map
D:\c sharp\Visual Studio 2015\SubWayTicket\SubWayTicket\src\main.js
D:\c sharp\Visual Studio 2015\SubWayTicket\SubWayTicket\src\main.js.map
D:\c sharp\Visual Studio 2015\SubWayTicket\SubWayTicket\src\app\subway.service.js
D:\c sharp\Visual Studio 2015\SubWayTicket\SubWayTicket\src\app\subway.service.js.map
D:\c sharp\Visual Studio 2015\SubWayTicket\SubWayTicket\src\app\subway.component.js
D:\c sharp\Visual Studio 2015\SubWayTicket\SubWayTicket\src\app\subway.component.js.map
D:\c sharp\Visual Studio 2015\SubWayTicket\SubWayTicket\src\app\subway.module.js
D:\c sharp\Visual Studio 2015\SubWayTicket\SubWayTicket\src\app\subway.module.js.map
D:\c sharp\Visual Studio 2015\SubWayTicket\SubWayTicket\src\main.js
D:\c sharp\Visual Studio 2015\SubWayTicket\SubWayTicket\src\main.js.map
D:\c sharp\Visual Studio 2015\SubWayTicket\SubWayTicket\src\app\subway.service.js
D:\c sharp\Visual Studio 2015\SubWayTicket\SubWayTicket\src\app\subway.service.js.map
D:\c sharp\Visual Studio 2015\SubWayTicket\SubWayTicket\src\app\subway.component.js
D:\c sharp\Visual Studio 2015\SubWayTicket\SubWayTicket\src\app\subway.component.js.map
D:\c sharp\Visual Studio 2015\SubWayTicket\SubWayTicket\src\app\subway.module.js
D:\c sharp\Visual Studio 2015\SubWayTicket\SubWayTicket\src\app\subway.module.js.map
D:\c sharp\Visual Studio 2015\SubWayTicket\SubWayTicket\src\main.js
D:\c sharp\Visual Studio 2015\SubWayTicket\SubWayTicket\src\main.js.map
D:\c sharp\Visual Studio 2015\SubWayTicket\SubWayTicket\src\app\subway.service.js
D:\c sharp\Visual Studio 2015\SubWayTicket\SubWayTicket\src\app\subway.service.js.map
D:\c sharp\Visual Studio 2015\SubWayTicket\SubWayTicket\src\app\subway.component.js
D:\c sharp\Visual Studio 2015\SubWayTicket\SubWayTicket\src\app\subway.component.js.map
D:\c sharp\Visual Studio 2015\SubWayTicket\SubWayTicket\src\app\subway.module.js
D:\c sharp\Visual Studio 2015\SubWayTicket\SubWayTicket\src\app\subway.module.js.map
D:\c sharp\Visual Studio 2015\SubWayTicket\SubWayTicket\src\main.js
D:\c sharp\Visual Studio 2015\SubWayTicket\SubWayTicket\src\main.js.map
D:\c sharp\Visual Studio 2015\SubWayTicket\SubWayTicket\src\app\subway.service.js
D:\c sharp\Visual Studio 2015\SubWayTicket\SubWayTicket\src\app\subway.service.js.map
D:\c sharp\Visual Studio 2015\SubWayTicket\SubWayTicket\src\app\subway.component.js
D:\c sharp\Visual Studio 2015\SubWayTicket\SubWayTicket\src\app\subway.component.js.map
D:\c sharp\Visual Studio 2015\SubWayTicket\SubWayTicket\src\app\subway.module.js
D:\c sharp\Visual Studio 2015\SubWayTicket\SubWayTicket\src\app\subway.module.js.map
D:\c sharp\Visual Studio 2015\SubWayTicket\SubWayTicket\src\main.js
D:\c sharp\Visual Studio 2015\SubWayTicket\SubWayTicket\src\main.js.map
D:\c sharp\Visual Studio 2015\SubWayTicket\SubWayTicket\src\app\subway.service.js
D:\c sharp\Visual Studio 2015\SubWayTicket\SubWayTicket\src\app\subway.service.js.map
D:\c sharp\Visual Studio 2015\SubWayTicket\SubWayTicket\src\app\subway.component.js
D:\c sharp\Visual Studio 2015\SubWayTicket\SubWayTicket\src\app\subway.component.js.map
D:\c sharp\Visual Studio 2015\SubWayTicket\SubWayTicket\src\app\subway.module.js
D:\c sharp\Visual Studio 2015\SubWayTicket\SubWayTicket\src\app\subway.module.js.map
D:\c sharp\Visual Studio 2015\SubWayTicket\SubWayTicket\src\main.js
D:\c sharp\Visual Studio 2015\SubWayTicket\SubWayTicket\src\main.js.map
D:\c sharp\Visual Studio 2015\SubWayTicket\SubWayTicket\src\app\subway.service.js
D:\c sharp\Visual Studio 2015\SubWayTicket\SubWayTicket\src\app\subway.service.js.map
D:\c sharp\Visual Studio 2015\SubWayTicket\SubWayTicket\src\app\subway.component.js
D:\c sharp\Visual Studio 2015\SubWayTicket\SubWayTicket\src\app\subway.component.js.map
D:\c sharp\Visual Studio 2015\SubWayTicket\SubWayTicket\src\app\subway.module.js
D:\c sharp\Visual Studio 2015\SubWayTicket\SubWayTicket\src\app\subway.module.js.map
D:\c sharp\Visual Studio 2015\SubWayTicket\SubWayTicket\src\main.js
D:\c sharp\Visual Studio 2015\SubWayTicket\SubWayTicket\src\main.js.map
D:\c sharp\Visual Studio 2015\SubWayTicket\SubWayTicket\src\app\subway.service.js
D:\c sharp\Visual Studio 2015\SubWayTicket\SubWayTicket\src\app\subway.service.js.map
D:\c sharp\Visual Studio 2015\SubWayTicket\SubWayTicket\src\app\subway.component.js
D:\c sharp\Visual Studio 2015\SubWayTicket\SubWayTicket\src\app\subway.component.js.map
D:\c sharp\Visual Studio 2015\SubWayTicket\SubWayTicket\src\app\subway.module.js
D:\c sharp\Visual Studio 2015\SubWayTicket\SubWayTicket\src\app\subway.module.js.map
D:\c sharp\Visual Studio 2015\SubWayTicket\SubWayTicket\src\main.js
D:\c sharp\Visual Studio 2015\SubWayTicket\SubWayTicket\src\main.js.map
D:\c sharp\Visual Studio 2015\SubWayTicket\SubWayTicket\src\app\subway.service.js
D:\c sharp\Visual Studio 2015\SubWayTicket\SubWayTicket\src\app\subway.service.js.map
D:\c sharp\Visual Studio 2015\SubWayTicket\SubWayTicket\src\app\subway.component.js
D:\c sharp\Visual Studio 2015\SubWayTicket\SubWayTicket\src\app\subway.component.js.map
D:\c sharp\Visual Studio 2015\SubWayTicket\SubWayTicket\src\app\subway.module.js
D:\c sharp\Visual Studio 2015\SubWayTicket\SubWayTicket\src\app\subway.module.js.map
D:\c sharp\Visual Studio 2015\SubWayTicket\SubWayTicket\src\main.js
D:\c sharp\Visual Studio 2015\SubWayTicket\SubWayTicket\src\main.js.map
D:\c sharp\Visual Studio 2015\SubWayTicket\SubWayTicket\src\app\subway.service.js
D:\c sharp\Visual Studio 2015\SubWayTicket\SubWayTicket\src\app\subway.service.js.map
D:\c sharp\Visual Studio 2015\SubWayTicket\SubWayTicket\src\app\subway.component.js
D:\c sharp\Visual Studio 2015\SubWayTicket\SubWayTicket\src\app\subway.component.js.map
D:\c sharp\Visual Studio 2015\SubWayTicket\SubWayTicket\src\app\subway.module.js
D:\c sharp\Visual Studio 2015\SubWayTicket\SubWayTicket\src\app\subway.module.js.map
D:\c sharp\Visual Studio 2015\SubWayTicket\SubWayTicket\src\main.js
D:\c sharp\Visual Studio 2015\SubWayTicket\SubWayTicket\src\main.js.map
D:\c sharp\Visual Studio 2015\SubWayTicket\SubWayTicket\src\app\subway.service.js
D:\c sharp\Visual Studio 2015\SubWayTicket\SubWayTicket\src\app\subway.service.js.map
D:\c sharp\Visual Studio 2015\SubWayTicket\SubWayTicket\src\app\subway.component.js
D:\c sharp\Visual Studio 2015\SubWayTicket\SubWayTicket\src\app\subway.component.js.map
D:\c sharp\Visual Studio 2015\SubWayTicket\SubWayTicket\src\app\subway.module.js
D:\c sharp\Visual Studio 2015\SubWayTicket\SubWayTicket\src\app\subway.module.js.map
D:\c sharp\Visual Studio 2015\SubWayTicket\SubWayTicket\src\main.js
D:\c sharp\Visual Studio 2015\SubWayTicket\SubWayTicket\src\main.js.map
D:\c sharp\Visual Studio 2015\SubWayTicket\SubWayTicket\src\app\subway.service.js
D:\c sharp\Visual Studio 2015\SubWayTicket\SubWayTicket\src\app\subway.service.js.map
D:\c sharp\Visual Studio 2015\SubWayTicket\SubWayTicket\src\app\subway.component.js
D:\c sharp\Visual Studio 2015\SubWayTicket\SubWayTicket\src\app\subway.component.js.map
D:\c sharp\Visual Studio 2015\SubWayTicket\SubWayTicket\src\app\subway.module.js
D:\c sharp\Visual Studio 2015\SubWayTicket\SubWayTicket\src\app\subway.module.js.map
D:\c sharp\Visual Studio 2015\SubWayTicket\SubWayTicket\src\main.js
D:\c sharp\Visual Studio 2015\SubWayTicket\SubWayTicket\src\main.js.map
D:\c sharp\Visual Studio 2015\SubWayTicket\SubWayTicket\src\app\subway.service.js
D:\c sharp\Visual Studio 2015\SubWayTicket\SubWayTicket\src\app\subway.service.js.map
D:\c sharp\Visual Studio 2015\SubWayTicket\SubWayTicket\src\app\subway.component.js
D:\c sharp\Visual Studio 2015\SubWayTicket\SubWayTicket\src\app\subway.component.js.map
D:\c sharp\Visual Studio 2015\SubWayTicket\SubWayTicket\src\app\subway.module.js
D:\c sharp\Visual Studio 2015\SubWayTicket\SubWayTicket\src\app\subway.module.js.map
D:\c sharp\Visual Studio 2015\SubWayTicket\SubWayTicket\src\main.js
D:\c sharp\Visual Studio 2015\SubWayTicket\SubWayTicket\src\main.js.map
D:\c sharp\Visual Studio 2015\SubWayTicket\SubWayTicket\src\app\subway.service.js
D:\c sharp\Visual Studio 2015\SubWayTicket\SubWayTicket\src\app\subway.service.js.map
D:\c sharp\Visual Studio 2015\SubWayTicket\SubWayTicket\src\app\subway.component.js
D:\c sharp\Visual Studio 2015\SubWayTicket\SubWayTicket\src\app\subway.component.js.map
D:\c sharp\Visual Studio 2015\SubWayTicket\SubWayTicket\src\app\subway.module.js
D:\c sharp\Visual Studio 2015\SubWayTicket\SubWayTicket\src\app\subway.module.js.map
D:\c sharp\Visual Studio 2015\SubWayTicket\SubWayTicket\src\main.js
D:\c sharp\Visual Studio 2015\SubWayTicket\SubWayTicket\src\main.js.map
D:\c sharp\Visual Studio 2015\SubWayTicket\SubWayTicket\src\app\subway.service.js
D:\c sharp\Visual Studio 2015\SubWayTicket\SubWayTicket\src\app\subway.service.js.map
D:\c sharp\Visual Studio 2015\SubWayTicket\SubWayTicket\src\app\subway.component.js
D:\c sharp\Visual Studio 2015\SubWayTicket\SubWayTicket\src\app\subway.component.js.map
D:\c sharp\Visual Studio 2015\SubWayTicket\SubWayTicket\src\app\subway.module.js
D:\c sharp\Visual Studio 2015\SubWayTicket\SubWayTicket\src\app\subway.module.js.map
D:\c sharp\Visual Studio 2015\SubWayTicket\SubWayTicket\src\main.js
D:\c sharp\Visual Studio 2015\SubWayTicket\SubWayTicket\src\main.js.map
D:\c sharp\Visual Studio 2015\SubWayTicket\SubWayTicket\src\app\subway.service.js
D:\c sharp\Visual Studio 2015\SubWayTicket\SubWayTicket\src\app\subway.service.js.map
D:\c sharp\Visual Studio 2015\SubWayTicket\SubWayTicket\src\app\subway.component.js
D:\c sharp\Visual Studio 2015\SubWayTicket\SubWayTicket\src\app\subway.component.js.map
D:\c sharp\Visual Studio 2015\SubWayTicket\SubWayTicket\src\app\subway.module.js
D:\c sharp\Visual Studio 2015\SubWayTicket\SubWayTicket\src\app\subway.module.js.map
D:\c sharp\Visual Studio 2015\SubWayTicket\SubWayTicket\src\main.js
D:\c sharp\Visual Studio 2015\SubWayTicket\SubWayTicket\src\main.js.map
D:\c sharp\Visual Studio 2015\SubWayTicket\SubWayTicket\src\app\subway.service.js
D:\c sharp\Visual Studio 2015\SubWayTicket\SubWayTicket\src\app\subway.service.js.map
D:\c sharp\Visual Studio 2015\SubWayTicket\SubWayTicket\src\app\subway.component.js
D:\c sharp\Visual Studio 2015\SubWayTicket\SubWayTicket\src\app\subway.component.js.map
D:\c sharp\Visual Studio 2015\SubWayTicket\SubWayTicket\src\app\subway.module.js
D:\c sharp\Visual Studio 2015\SubWayTicket\SubWayTicket\src\app\subway.module.js.map
D:\c sharp\Visual Studio 2015\SubWayTicket\SubWayTicket\src\main.js
D:\c sharp\Visual Studio 2015\SubWayTicket\SubWayTicket\src\main.js.map
D:\c sharp\Visual Studio 2015\SubWayTicket\SubWayTicket\src\app\subway.service.js
D:\c sharp\Visual Studio 2015\SubWayTicket\SubWayTicket\src\app\subway.service.js.map
D:\c sharp\Visual Studio 2015\SubWayTicket\SubWayTicket\src\app\subway.component.js
D:\c sharp\Visual Studio 2015\SubWayTicket\SubWayTicket\src\app\subway.component.js.map
D:\c sharp\Visual Studio 2015\SubWayTicket\SubWayTicket\src\app\subway.module.js
D:\c sharp\Visual Studio 2015\SubWayTicket\SubWayTicket\src\app\subway.module.js.map
D:\c sharp\Visual Studio 2015\SubWayTicket\SubWayTicket\src\main.js
D:\c sharp\Visual Studio 2015\SubWayTicket\SubWayTicket\src\main.js.map
D:\c sharp\Visual Studio 2015\SubWayTicket\SubWayTicket\src\app\subway.service.js
D:\c sharp\Visual Studio 2015\SubWayTicket\SubWayTicket\src\app\subway.service.js.map
D:\c sharp\Visual Studio 2015\SubWayTicket\SubWayTicket\src\app\subway.component.js
D:\c sharp\Visual Studio 2015\SubWayTicket\SubWayTicket\src\app\subway.component.js.map
D:\c sharp\Visual Studio 2015\SubWayTicket\SubWayTicket\src\app\subway.module.js
D:\c sharp\Visual Studio 2015\SubWayTicket\SubWayTicket\src\app\subway.module.js.map
D:\c sharp\Visual Studio 2015\SubWayTicket\SubWayTicket\src\main.js
D:\c sharp\Visual Studio 2015\SubWayTicket\SubWayTicket\src\main.js.map
D:\c sharp\Visual Studio 2015\SubWayTicket\SubWayTicket\src\app\subway.service.js
D:\c sharp\Visual Studio 2015\SubWayTicket\SubWayTicket\src\app\subway.service.js.map
D:\c sharp\Visual Studio 2015\SubWayTicket\SubWayTicket\src\app\subway.component.js
D:\c sharp\Visual Studio 2015\SubWayTicket\SubWayTicket\src\app\subway.component.js.map
D:\c sharp\Visual Studio 2015\SubWayTicket\SubWayTicket\src\app\subway.module.js
D:\c sharp\Visual Studio 2015\SubWayTicket\SubWayTicket\src\app\subway.module.js.map
D:\c sharp\Visual Studio 2015\SubWayTicket\SubWayTicket\src\main.js
D:\c sharp\Visual Studio 2015\SubWayTicket\SubWayTicket\src\main.js.map
D:\c sharp\Visual Studio 2015\SubWayTicket\SubWayTicket\src\app\subway.service.js
D:\c sharp\Visual Studio 2015\SubWayTicket\SubWayTicket\src\app\subway.service.js.map
D:\c sharp\Visual Studio 2015\SubWayTicket\SubWayTicket\src\app\subway.component.js
D:\c sharp\Visual Studio 2015\SubWayTicket\SubWayTicket\src\app\subway.component.js.map
D:\c sharp\Visual Studio 2015\SubWayTicket\SubWayTicket\src\app\subway.module.js
D:\c sharp\Visual Studio 2015\SubWayTicket\SubWayTicket\src\app\subway.module.js.map
D:\c sharp\Visual Studio 2015\SubWayTicket\SubWayTicket\src\main.js
D:\c sharp\Visual Studio 2015\SubWayTicket\SubWayTicket\src\main.js.map
D:\c sharp\Visual Studio 2015\SubWayTicket\SubWayTicket\src\app\subway.service.js
D:\c sharp\Visual Studio 2015\SubWayTicket\SubWayTicket\src\app\subway.service.js.map
D:\c sharp\Visual Studio 2015\SubWayTicket\SubWayTicket\src\app\subway.component.js
D:\c sharp\Visual Studio 2015\SubWayTicket\SubWayTicket\src\app\subway.component.js.map
D:\c sharp\Visual Studio 2015\SubWayTicket\SubWayTicket\src\app\subway.module.js
D:\c sharp\Visual Studio 2015\SubWayTicket\SubWayTicket\src\app\subway.module.js.map
D:\c sharp\Visual Studio 2015\SubWayTicket\SubWayTicket\src\main.js
D:\c sharp\Visual Studio 2015\SubWayTicket\SubWayTicket\src\main.js.map
D:\c sharp\Visual Studio 2015\SubWayTicket\SubWayTicket\src\app\subway.service.js
D:\c sharp\Visual Studio 2015\SubWayTicket\SubWayTicket\src\app\subway.service.js.map
D:\c sharp\Visual Studio 2015\SubWayTicket\SubWayTicket\src\app\subway.component.js
D:\c sharp\Visual Studio 2015\SubWayTicket\SubWayTicket\src\app\subway.component.js.map
D:\c sharp\Visual Studio 2015\SubWayTicket\SubWayTicket\src\app\subway.module.js
D:\c sharp\Visual Studio 2015\SubWayTicket\SubWayTicket\src\app\subway.module.js.map
D:\c sharp\Visual Studio 2015\SubWayTicket\SubWayTicket\src\main.js
D:\c sharp\Visual Studio 2015\SubWayTicket\SubWayTicket\src\main.js.map
D:\c sharp\Visual Studio 2015\SubWayTicket\SubWayTicket\src\app\subway.service.js
D:\c sharp\Visual Studio 2015\SubWayTicket\SubWayTicket\src\app\subway.service.js.map
D:\c sharp\Visual Studio 2015\SubWayTicket\SubWayTicket\src\app\subway.component.js
D:\c sharp\Visual Studio 2015\SubWayTicket\SubWayTicket\src\app\subway.component.js.map
D:\c sharp\Visual Studio 2015\SubWayTicket\SubWayTicket\src\app\subway.module.js
D:\c sharp\Visual Studio 2015\SubWayTicket\SubWayTicket\src\app\subway.module.js.map
D:\c sharp\Visual Studio 2015\SubWayTicket\SubWayTicket\src\main.js
D:\c sharp\Visual Studio 2015\SubWayTicket\SubWayTicket\src\main.js.map
D:\c sharp\Visual Studio 2015\SubWayTicket\SubWayTicket\src\app\subway.service.js
D:\c sharp\Visual Studio 2015\SubWayTicket\SubWayTicket\src\app\subway.service.js.map
D:\c sharp\Visual Studio 2015\SubWayTicket\SubWayTicket\src\app\subway.component.js
D:\c sharp\Visual Studio 2015\SubWayTicket\SubWayTicket\src\app\subway.component.js.map
D:\c sharp\Visual Studio 2015\SubWayTicket\SubWayTicket\src\app\subway.module.js
D:\c sharp\Visual Studio 2015\SubWayTicket\SubWayTicket\src\app\subway.module.js.map
D:\c sharp\Visual Studio 2015\SubWayTicket\SubWayTicket\src\main.js
D:\c sharp\Visual Studio 2015\SubWayTicket\SubWayTicket\src\main.js.map
D:\c sharp\Visual Studio 2015\SubWayTicket\SubWayTicket\src\app\subway.service.js
D:\c sharp\Visual Studio 2015\SubWayTicket\SubWayTicket\src\app\subway.service.js.map
D:\c sharp\Visual Studio 2015\SubWayTicket\SubWayTicket\src\app\subway.component.js
D:\c sharp\Visual Studio 2015\SubWayTicket\SubWayTicket\src\app\subway.component.js.map
D:\c sharp\Visual Studio 2015\SubWayTicket\SubWayTicket\src\app\subway.module.js
D:\c sharp\Visual Studio 2015\SubWayTicket\SubWayTicket\src\app\subway.module.js.map
D:\c sharp\Visual Studio 2015\SubWayTicket\SubWayTicket\src\main.js
D:\c sharp\Visual Studio 2015\SubWayTicket\SubWayTicket\src\main.js.map
D:\c sharp\Visual Studio 2015\SubWayTicket\SubWayTicket\src\app\subway.service.js
D:\c sharp\Visual Studio 2015\SubWayTicket\SubWayTicket\src\app\subway.service.js.map
D:\c sharp\Visual Studio 2015\SubWayTicket\SubWayTicket\src\app\subway.component.js
D:\c sharp\Visual Studio 2015\SubWayTicket\SubWayTicket\src\app\subway.component.js.map
D:\c sharp\Visual Studio 2015\SubWayTicket\SubWayTicket\src\app\subway.module.js
D:\c sharp\Visual Studio 2015\SubWayTicket\SubWayTicket\src\app\subway.module.js.map
D:\c sharp\Visual Studio 2015\SubWayTicket\SubWayTicket\src\main.js
D:\c sharp\Visual Studio 2015\SubWayTicket\SubWayTicket\src\main.js.map
D:\c sharp\Visual Studio 2015\SubWayTicket\SubWayTicket\src\app\subway.service.js
D:\c sharp\Visual Studio 2015\SubWayTicket\SubWayTicket\src\app\subway.service.js.map
D:\c sharp\Visual Studio 2015\SubWayTicket\SubWayTicket\src\app\subway.component.js
D:\c sharp\Visual Studio 2015\SubWayTicket\SubWayTicket\src\app\subway.component.js.map
D:\c sharp\Visual Studio 2015\SubWayTicket\SubWayTicket\src\app\subway.module.js
D:\c sharp\Visual Studio 2015\SubWayTicket\SubWayTicket\src\app\subway.module.js.map
D:\c sharp\Visual Studio 2015\SubWayTicket\SubWayTicket\src\main.js
D:\c sharp\Visual Studio 2015\SubWayTicket\SubWayTicket\src\main.js.map
D:\c sharp\Visual Studio 2015\SubWayTicket\SubWayTicket\src\app\subway.service.js
D:\c sharp\Visual Studio 2015\SubWayTicket\SubWayTicket\src\app\subway.service.js.map
D:\c sharp\Visual Studio 2015\SubWayTicket\SubWayTicket\src\app\subway.component.js
D:\c sharp\Visual Studio 2015\SubWayTicket\SubWayTicket\src\app\subway.component.js.map
D:\c sharp\Visual Studio 2015\SubWayTicket\SubWayTicket\src\app\subway.module.js
D:\c sharp\Visual Studio 2015\SubWayTicket\SubWayTicket\src\app\subway.module.js.map
D:\c sharp\Visual Studio 2015\SubWayTicket\SubWayTicket\src\main.js
D:\c sharp\Visual Studio 2015\SubWayTicket\SubWayTicket\src\main.js.map
D:\c sharp\Visual Studio 2015\SubWayTicket\SubWayTicket\src\app\subway.service.js
D:\c sharp\Visual Studio 2015\SubWayTicket\SubWayTicket\src\app\subway.service.js.map
D:\c sharp\Visual Studio 2015\SubWayTicket\SubWayTicket\src\app\subway.component.js
D:\c sharp\Visual Studio 2015\SubWayTicket\SubWayTicket\src\app\subway.component.js.map
D:\c sharp\Visual Studio 2015\SubWayTicket\SubWayTicket\src\app\subway.module.js
D:\c sharp\Visual Studio 2015\SubWayTicket\SubWayTicket\src\app\subway.module.js.map
D:\c sharp\Visual Studio 2015\SubWayTicket\SubWayTicket\src\main.js
D:\c sharp\Visual Studio 2015\SubWayTicket\SubWayTicket\src\main.js.map
D:\c sharp\Visual Studio 2015\SubWayTicket\SubWayTicket\src\app\subway.service.js
D:\c sharp\Visual Studio 2015\SubWayTicket\SubWayTicket\src\app\subway.service.js.map
D:\c sharp\Visual Studio 2015\SubWayTicket\SubWayTicket\src\app\subway.component.js
D:\c sharp\Visual Studio 2015\SubWayTicket\SubWayTicket\src\app\subway.component.js.map
D:\c sharp\Visual Studio 2015\SubWayTicket\SubWayTicket\src\app\subway.module.js
D:\c sharp\Visual Studio 2015\SubWayTicket\SubWayTicket\src\app\subway.module.js.map
D:\c sharp\Visual Studio 2015\SubWayTicket\SubWayTicket\src\main.js
D:\c sharp\Visual Studio 2015\SubWayTicket\SubWayTicket\src\main.js.map
D:\c sharp\Visual Studio 2015\SubWayTicket\SubWayTicket\src\app\subway.service.js
D:\c sharp\Visual Studio 2015\SubWayTicket\SubWayTicket\src\app\subway.service.js.map
D:\c sharp\Visual Studio 2015\SubWayTicket\SubWayTicket\src\app\subway.component.js
D:\c sharp\Visual Studio 2015\SubWayTicket\SubWayTicket\src\app\subway.component.js.map
D:\c sharp\Visual Studio 2015\SubWayTicket\SubWayTicket\src\app\subway.module.js
D:\c sharp\Visual Studio 2015\SubWayTicket\SubWayTicket\src\app\subway.module.js.map
D:\c sharp\Visual Studio 2015\SubWayTicket\SubWayTicket\src\main.js
D:\c sharp\Visual Studio 2015\SubWayTicket\SubWayTicket\src\main.js.map
D:\c sharp\Visual Studio 2015\SubWayTicket\SubWayTicket\src\app\subway.service.js
D:\c sharp\Visual Studio 2015\SubWayTicket\SubWayTicket\src\app\subway.service.js.map
D:\c sharp\Visual Studio 2015\SubWayTicket\SubWayTicket\src\app\subway.component.js
D:\c sharp\Visual Studio 2015\SubWayTicket\SubWayTicket\src\app\subway.component.js.map
D:\c sharp\Visual Studio 2015\SubWayTicket\SubWayTicket\src\app\subway.module.js
D:\c sharp\Visual Studio 2015\SubWayTicket\SubWayTicket\src\app\subway.module.js.map
D:\c sharp\Visual Studio 2015\SubWayTicket\SubWayTicket\src\main.js
D:\c sharp\Visual Studio 2015\SubWayTicket\SubWayTicket\src\main.js.map
D:\c sharp\Visual Studio 2015\SubWayTicket\SubWayTicket\src\app\subway.service.js
D:\c sharp\Visual Studio 2015\SubWayTicket\SubWayTicket\src\app\subway.service.js.map
D:\c sharp\Visual Studio 2015\SubWayTicket\SubWayTicket\src\app\subway.component.js
D:\c sharp\Visual Studio 2015\SubWayTicket\SubWayTicket\src\app\subway.component.js.map
D:\c sharp\Visual Studio 2015\SubWayTicket\SubWayTicket\src\app\subway.module.js
D:\c sharp\Visual Studio 2015\SubWayTicket\SubWayTicket\src\app\subway.module.js.map
D:\c sharp\Visual Studio 2015\SubWayTicket\SubWayTicket\src\main.js
D:\c sharp\Visual Studio 2015\SubWayTicket\SubWayTicket\src\main.js.map
D:\c sharp\Visual Studio 2015\SubWayTicket\SubWayTicket\src\app\subway.service.js
D:\c sharp\Visual Studio 2015\SubWayTicket\SubWayTicket\src\app\subway.service.js.map
D:\c sharp\Visual Studio 2015\SubWayTicket\SubWayTicket\src\app\subway.component.js
D:\c sharp\Visual Studio 2015\SubWayTicket\SubWayTicket\src\app\subway.component.js.map
D:\c sharp\Visual Studio 2015\SubWayTicket\SubWayTicket\src\app\subway.module.js
D:\c sharp\Visual Studio 2015\SubWayTicket\SubWayTicket\src\app\subway.module.js.map
D:\c sharp\Visual Studio 2015\SubWayTicket\SubWayTicket\src\main.js
D:\c sharp\Visual Studio 2015\SubWayTicket\SubWayTicket\src\main.js.map
D:\c sharp\Visual Studio 2015\SubWayTicket\SubWayTicket\src\app\subway.service.js
D:\c sharp\Visual Studio 2015\SubWayTicket\SubWayTicket\src\app\subway.service.js.map
D:\c sharp\Visual Studio 2015\SubWayTicket\SubWayTicket\src\app\subway.component.js
D:\c sharp\Visual Studio 2015\SubWayTicket\SubWayTicket\src\app\subway.component.js.map
D:\c sharp\Visual Studio 2015\SubWayTicket\SubWayTicket\src\app\subway.module.js
D:\c sharp\Visual Studio 2015\SubWayTicket\SubWayTicket\src\app\subway.module.js.map
D:\c sharp\Visual Studio 2015\SubWayTicket\SubWayTicket\src\main.js
D:\c sharp\Visual Studio 2015\SubWayTicket\SubWayTicket\src\main.js.map
D:\c sharp\Visual Studio 2015\SubWayTicket\SubWayTicket\src\app\subway.service.js
D:\c sharp\Visual Studio 2015\SubWayTicket\SubWayTicket\src\app\subway.service.js.map
D:\c sharp\Visual Studio 2015\SubWayTicket\SubWayTicket\src\app\subway.component.js
D:\c sharp\Visual Studio 2015\SubWayTicket\SubWayTicket\src\app\subway.component.js.map
D:\c sharp\Visual Studio 2015\SubWayTicket\SubWayTicket\src\app\subway.module.js
D:\c sharp\Visual Studio 2015\SubWayTicket\SubWayTicket\src\app\subway.module.js.map
D:\c sharp\Visual Studio 2015\SubWayTicket\SubWayTicket\src\main.js
D:\c sharp\Visual Studio 2015\SubWayTicket\SubWayTicket\src\main.js.map
D:\c sharp\Visual Studio 2015\SubWayTicket\SubWayTicket\src\app\subway.service.js
D:\c sharp\Visual Studio 2015\SubWayTicket\SubWayTicket\src\app\subway.service.js.map
D:\c sharp\Visual Studio 2015\SubWayTicket\SubWayTicket\src\app\subway.component.js
D:\c sharp\Visual Studio 2015\SubWayTicket\SubWayTicket\src\app\subway.component.js.map
D:\c sharp\Visual Studio 2015\SubWayTicket\SubWayTicket\src\app\subway.module.js
D:\c sharp\Visual Studio 2015\SubWayTicket\SubWayTicket\src\app\subway.module.js.map
D:\c sharp\Visual Studio 2015\SubWayTicket\SubWayTicket\src\main.js
D:\c sharp\Visual Studio 2015\SubWayTicket\SubWayTicket\src\main.js.map
D:\c sharp\Visual Studio 2015\SubWayTicket\SubWayTicket\src\app\subway.service.js
D:\c sharp\Visual Studio 2015\SubWayTicket\SubWayTicket\src\app\subway.service.js.map
D:\c sharp\Visual Studio 2015\SubWayTicket\SubWayTicket\src\app\subway.component.js
D:\c sharp\Visual Studio 2015\SubWayTicket\SubWayTicket\src\app\subway.component.js.map
D:\c sharp\Visual Studio 2015\SubWayTicket\SubWayTicket\src\app\subway.module.js
D:\c sharp\Visual Studio 2015\SubWayTicket\SubWayTicket\src\app\subway.module.js.map
D:\c sharp\Visual Studio 2015\SubWayTicket\SubWayTicket\src\main.js
D:\c sharp\Visual Studio 2015\SubWayTicket\SubWayTicket\src\main.js.map
D:\c sharp\Visual Studio 2015\SubWayTicket\SubWayTicket\src\app\subway.service.js
D:\c sharp\Visual Studio 2015\SubWayTicket\SubWayTicket\src\app\subway.service.js.map
D:\c sharp\Visual Studio 2015\SubWayTicket\SubWayTicket\src\app\subway.component.js
D:\c sharp\Visual Studio 2015\SubWayTicket\SubWayTicket\src\app\subway.component.js.map
D:\c sharp\Visual Studio 2015\SubWayTicket\SubWayTicket\src\app\subway.module.js
D:\c sharp\Visual Studio 2015\SubWayTicket\SubWayTicket\src\app\subway.module.js.map
D:\c sharp\Visual Studio 2015\SubWayTicket\SubWayTicket\src\main.js
D:\c sharp\Visual Studio 2015\SubWayTicket\SubWayTicket\src\main.js.map
D:\c sharp\Visual Studio 2015\SubWayTicket\SubWayTicket\src\app\subway.service.js
D:\c sharp\Visual Studio 2015\SubWayTicket\SubWayTicket\src\app\subway.service.js.map
D:\c sharp\Visual Studio 2015\SubWayTicket\SubWayTicket\src\app\subway.component.js
D:\c sharp\Visual Studio 2015\SubWayTicket\SubWayTicket\src\app\subway.component.js.map
D:\c sharp\Visual Studio 2015\SubWayTicket\SubWayTicket\src\app\subway.module.js
D:\c sharp\Visual Studio 2015\SubWayTicket\SubWayTicket\src\app\subway.module.js.map
D:\c sharp\Visual Studio 2015\SubWayTicket\SubWayTicket\src\main.js
D:\c sharp\Visual Studio 2015\SubWayTicket\SubWayTicket\src\main.js.map
D:\c sharp\Visual Studio 2015\SubWayTicket\SubWayTicket\src\app\subway.service.js
D:\c sharp\Visual Studio 2015\SubWayTicket\SubWayTicket\src\app\subway.service.js.map
D:\c sharp\Visual Studio 2015\SubWayTicket\SubWayTicket\src\app\subway.component.js
D:\c sharp\Visual Studio 2015\SubWayTicket\SubWayTicket\src\app\subway.component.js.map
D:\c sharp\Visual Studio 2015\SubWayTicket\SubWayTicket\src\app\subway.module.js
D:\c sharp\Visual Studio 2015\SubWayTicket\SubWayTicket\src\app\subway.module.js.map
D:\c sharp\Visual Studio 2015\SubWayTicket\SubWayTicket\src\main.js
D:\c sharp\Visual Studio 2015\SubWayTicket\SubWayTicket\src\main.js.map
D:\c sharp\Visual Studio 2015\SubWayTicket\SubWayTicket\src\app\subway.service.js
D:\c sharp\Visual Studio 2015\SubWayTicket\SubWayTicket\src\app\subway.service.js.map
D:\c sharp\Visual Studio 2015\SubWayTicket\SubWayTicket\src\app\subway.component.js
D:\c sharp\Visual Studio 2015\SubWayTicket\SubWayTicket\src\app\subway.component.js.map
D:\c sharp\Visual Studio 2015\SubWayTicket\SubWayTicket\src\app\subway.module.js
D:\c sharp\Visual Studio 2015\SubWayTicket\SubWayTicket\src\app\subway.module.js.map
D:\c sharp\Visual Studio 2015\SubWayTicket\SubWayTicket\src\main.js
D:\c sharp\Visual Studio 2015\SubWayTicket\SubWayTicket\src\main.js.map
D:\c sharp\Visual Studio 2015\SubWayTicket\SubWayTicket\src\app\subway.service.js
D:\c sharp\Visual Studio 2015\SubWayTicket\SubWayTicket\src\app\subway.service.js.map
D:\c sharp\Visual Studio 2015\SubWayTicket\SubWayTicket\src\app\subway.component.js
D:\c sharp\Visual Studio 2015\SubWayTicket\SubWayTicket\src\app\subway.component.js.map
D:\c sharp\Visual Studio 2015\SubWayTicket\SubWayTicket\src\app\subway.module.js
D:\c sharp\Visual Studio 2015\SubWayTicket\SubWayTicket\src\app\subway.module.js.map
D:\c sharp\Visual Studio 2015\SubWayTicket\SubWayTicket\src\main.js
D:\c sharp\Visual Studio 2015\SubWayTicket\SubWayTicket\src\main.js.map
D:\c sharp\Visual Studio 2015\SubWayTicket\SubWayTicket\src\app\subway.service.js
D:\c sharp\Visual Studio 2015\SubWayTicket\SubWayTicket\src\app\subway.service.js.map
D:\c sharp\Visual Studio 2015\SubWayTicket\SubWayTicket\src\app\subway.component.js
D:\c sharp\Visual Studio 2015\SubWayTicket\SubWayTicket\src\app\subway.component.js.map
D:\c sharp\Visual Studio 2015\SubWayTicket\SubWayTicket\src\app\subway.module.js
D:\c sharp\Visual Studio 2015\SubWayTicket\SubWayTicket\src\app\subway.module.js.map
D:\c sharp\Visual Studio 2015\SubWayTicket\SubWayTicket\src\main.js
D:\c sharp\Visual Studio 2015\SubWayTicket\SubWayTicket\src\main.js.map
D:\c sharp\Visual Studio 2015\SubWayTicket\SubWayTicket\src\app\subway.service.js
D:\c sharp\Visual Studio 2015\SubWayTicket\SubWayTicket\src\app\subway.service.js.map
D:\c sharp\Visual Studio 2015\SubWayTicket\SubWayTicket\src\app\subway.component.js
D:\c sharp\Visual Studio 2015\SubWayTicket\SubWayTicket\src\app\subway.component.js.map
D:\c sharp\Visual Studio 2015\SubWayTicket\SubWayTicket\src\app\subway.module.js
D:\c sharp\Visual Studio 2015\SubWayTicket\SubWayTicket\src\app\subway.module.js.map
D:\c sharp\Visual Studio 2015\SubWayTicket\SubWayTicket\src\main.js
D:\c sharp\Visual Studio 2015\SubWayTicket\SubWayTicket\src\main.js.map
D:\c sharp\Visual Studio 2015\SubWayTicket\SubWayTicket\src\app\subway.service.js
D:\c sharp\Visual Studio 2015\SubWayTicket\SubWayTicket\src\app\subway.service.js.map
D:\c sharp\Visual Studio 2015\SubWayTicket\SubWayTicket\src\app\subway.component.js
D:\c sharp\Visual Studio 2015\SubWayTicket\SubWayTicket\src\app\subway.component.js.map
D:\c sharp\Visual Studio 2015\SubWayTicket\SubWayTicket\src\app\subway.module.js
D:\c sharp\Visual Studio 2015\SubWayTicket\SubWayTicket\src\app\subway.module.js.map
D:\c sharp\Visual Studio 2015\SubWayTicket\SubWayTicket\src\main.js
D:\c sharp\Visual Studio 2015\SubWayTicket\SubWayTicket\src\main.js.map
D:\c sharp\Visual Studio 2015\SubWayTicket\SubWayTicket\src\app\subway.service.js
D:\c sharp\Visual Studio 2015\SubWayTicket\SubWayTicket\src\app\subway.service.js.map
D:\c sharp\Visual Studio 2015\SubWayTicket\SubWayTicket\src\app\subway.component.js
D:\c sharp\Visual Studio 2015\SubWayTicket\SubWayTicket\src\app\subway.component.js.map
D:\c sharp\Visual Studio 2015\SubWayTicket\SubWayTicket\src\app\subway.module.js
D:\c sharp\Visual Studio 2015\SubWayTicket\SubWayTicket\src\app\subway.module.js.map
D:\c sharp\Visual Studio 2015\SubWayTicket\SubWayTicket\src\main.js
D:\c sharp\Visual Studio 2015\SubWayTicket\SubWayTicket\src\main.js.map
D:\c sharp\Visual Studio 2015\SubWayTicket\SubWayTicket\src\app\subway.service.js
D:\c sharp\Visual Studio 2015\SubWayTicket\SubWayTicket\src\app\subway.service.js.map
D:\c sharp\Visual Studio 2015\SubWayTicket\SubWayTicket\src\app\subway.component.js
D:\c sharp\Visual Studio 2015\SubWayTicket\SubWayTicket\src\app\subway.component.js.map
D:\c sharp\Visual Studio 2015\SubWayTicket\SubWayTicket\src\app\subway.module.js
D:\c sharp\Visual Studio 2015\SubWayTicket\SubWayTicket\src\app\subway.module.js.map
D:\c sharp\Visual Studio 2015\SubWayTicket\SubWayTicket\src\main.js
D:\c sharp\Visual Studio 2015\SubWayTicket\SubWayTicket\src\main.js.map
D:\c sharp\Visual Studio 2015\SubWayTicket\SubWayTicket\src\app\subway.service.js
D:\c sharp\Visual Studio 2015\SubWayTicket\SubWayTicket\src\app\subway.service.js.map
D:\c sharp\Visual Studio 2015\SubWayTicket\SubWayTicket\src\app\subway.component.js
D:\c sharp\Visual Studio 2015\SubWayTicket\SubWayTicket\src\app\subway.component.js.map
D:\c sharp\Visual Studio 2015\SubWayTicket\SubWayTicket\src\app\integer.directive.js
D:\c sharp\Visual Studio 2015\SubWayTicket\SubWayTicket\src\app\integer.directive.js.map
D:\c sharp\Visual Studio 2015\SubWayTicket\SubWayTicket\src\app\subway.module.js
D:\c sharp\Visual Studio 2015\SubWayTicket\SubWayTicket\src\app\subway.module.js.map
D:\c sharp\Visual Studio 2015\SubWayTicket\SubWayTicket\src\main.js
D:\c sharp\Visual Studio 2015\SubWayTicket\SubWayTicket\src\main.js.map
D:\c sharp\Visual Studio 2015\SubWayTicket\SubWayTicket\src\app\subway.service.js
D:\c sharp\Visual Studio 2015\SubWayTicket\SubWayTicket\src\app\subway.service.js.map
D:\c sharp\Visual Studio 2015\SubWayTicket\SubWayTicket\src\app\subway.component.js
D:\c sharp\Visual Studio 2015\SubWayTicket\SubWayTicket\src\app\subway.component.js.map
D:\c sharp\Visual Studio 2015\SubWayTicket\SubWayTicket\src\app\integer.directive.js
D:\c sharp\Visual Studio 2015\SubWayTicket\SubWayTicket\src\app\integer.directive.js.map
D:\c sharp\Visual Studio 2015\SubWayTicket\SubWayTicket\src\app\subway.module.js
D:\c sharp\Visual Studio 2015\SubWayTicket\SubWayTicket\src\app\subway.module.js.map
D:\c sharp\Visual Studio 2015\SubWayTicket\SubWayTicket\src\main.js
D:\c sharp\Visual Studio 2015\SubWayTicket\SubWayTicket\src\main.js.map
D:\c sharp\Visual Studio 2015\SubWayTicket\SubWayTicket\src\app\subway.service.js
D:\c sharp\Visual Studio 2015\SubWayTicket\SubWayTicket\src\app\subway.service.js.map
D:\c sharp\Visual Studio 2015\SubWayTicket\SubWayTicket\src\app\subway.component.js
D:\c sharp\Visual Studio 2015\SubWayTicket\SubWayTicket\src\app\subway.component.js.map
D:\c sharp\Visual Studio 2015\SubWayTicket\SubWayTicket\src\app\integer.directive.js
D:\c sharp\Visual Studio 2015\SubWayTicket\SubWayTicket\src\app\integer.directive.js.map
D:\c sharp\Visual Studio 2015\SubWayTicket\SubWayTicket\src\app\subway.module.js
D:\c sharp\Visual Studio 2015\SubWayTicket\SubWayTicket\src\app\subway.module.js.map
D:\c sharp\Visual Studio 2015\SubWayTicket\SubWayTicket\src\main.js
D:\c sharp\Visual Studio 2015\SubWayTicket\SubWayTicket\src\main.js.map
D:\c sharp\Visual Studio 2015\SubWayTicket\SubWayTicket\src\app\subway.service.js
D:\c sharp\Visual Studio 2015\SubWayTicket\SubWayTicket\src\app\subway.service.js.map
D:\c sharp\Visual Studio 2015\SubWayTicket\SubWayTicket\src\app\subway.component.js
D:\c sharp\Visual Studio 2015\SubWayTicket\SubWayTicket\src\app\subway.component.js.map
D:\c sharp\Visual Studio 2015\SubWayTicket\SubWayTicket\src\app\integer.directive.js
D:\c sharp\Visual Studio 2015\SubWayTicket\SubWayTicket\src\app\integer.directive.js.map
D:\c sharp\Visual Studio 2015\SubWayTicket\SubWayTicket\src\app\subway.module.js
D:\c sharp\Visual Studio 2015\SubWayTicket\SubWayTicket\src\app\subway.module.js.map
D:\c sharp\Visual Studio 2015\SubWayTicket\SubWayTicket\src\main.js
D:\c sharp\Visual Studio 2015\SubWayTicket\SubWayTicket\src\main.js.map
D:\c sharp\Visual Studio 2015\SubWayTicket\SubWayTicket\src\app\subway.service.js
D:\c sharp\Visual Studio 2015\SubWayTicket\SubWayTicket\src\app\subway.service.js.map
D:\c sharp\Visual Studio 2015\SubWayTicket\SubWayTicket\src\app\subway.component.js
D:\c sharp\Visual Studio 2015\SubWayTicket\SubWayTicket\src\app\subway.component.js.map
D:\c sharp\Visual Studio 2015\SubWayTicket\SubWayTicket\src\app\integer.directive.js
D:\c sharp\Visual Studio 2015\SubWayTicket\SubWayTicket\src\app\integer.directive.js.map
D:\c sharp\Visual Studio 2015\SubWayTicket\SubWayTicket\src\app\subway.module.js
D:\c sharp\Visual Studio 2015\SubWayTicket\SubWayTicket\src\app\subway.module.js.map
D:\c sharp\Visual Studio 2015\SubWayTicket\SubWayTicket\src\main.js
D:\c sharp\Visual Studio 2015\SubWayTicket\SubWayTicket\src\main.js.map
D:\c sharp\Visual Studio 2015\SubWayTicket\SubWayTicket\src\app\subway.service.js
D:\c sharp\Visual Studio 2015\SubWayTicket\SubWayTicket\src\app\subway.service.js.map
D:\c sharp\Visual Studio 2015\SubWayTicket\SubWayTicket\src\app\subway.component.js
D:\c sharp\Visual Studio 2015\SubWayTicket\SubWayTicket\src\app\subway.component.js.map
D:\c sharp\Visual Studio 2015\SubWayTicket\SubWayTicket\src\app\integer.directive.js
D:\c sharp\Visual Studio 2015\SubWayTicket\SubWayTicket\src\app\integer.directive.js.map
D:\c sharp\Visual Studio 2015\SubWayTicket\SubWayTicket\src\app\subway.module.js
D:\c sharp\Visual Studio 2015\SubWayTicket\SubWayTicket\src\app\subway.module.js.map
D:\c sharp\Visual Studio 2015\SubWayTicket\SubWayTicket\src\main.js
D:\c sharp\Visual Studio 2015\SubWayTicket\SubWayTicket\src\main.js.map
D:\c sharp\Visual Studio 2015\SubWayTicket\SubWayTicket\src\app\subway.service.js
D:\c sharp\Visual Studio 2015\SubWayTicket\SubWayTicket\src\app\subway.service.js.map
D:\c sharp\Visual Studio 2015\SubWayTicket\SubWayTicket\src\app\subway.component.js
D:\c sharp\Visual Studio 2015\SubWayTicket\SubWayTicket\src\app\subway.component.js.map
D:\c sharp\Visual Studio 2015\SubWayTicket\SubWayTicket\src\app\integer.directive.js
D:\c sharp\Visual Studio 2015\SubWayTicket\SubWayTicket\src\app\integer.directive.js.map
D:\c sharp\Visual Studio 2015\SubWayTicket\SubWayTicket\src\app\subway.module.js
D:\c sharp\Visual Studio 2015\SubWayTicket\SubWayTicket\src\app\subway.module.js.map
D:\c sharp\Visual Studio 2015\SubWayTicket\SubWayTicket\src\main.js
D:\c sharp\Visual Studio 2015\SubWayTicket\SubWayTicket\src\main.js.map
D:\c sharp\Visual Studio 2015\SubWayTicket\SubWayTicket\src\app\subway.service.js
D:\c sharp\Visual Studio 2015\SubWayTicket\SubWayTicket\src\app\subway.service.js.map
D:\c sharp\Visual Studio 2015\SubWayTicket\SubWayTicket\src\app\subway.component.js
D:\c sharp\Visual Studio 2015\SubWayTicket\SubWayTicket\src\app\subway.component.js.map
D:\c sharp\Visual Studio 2015\SubWayTicket\SubWayTicket\src\app\integer.directive.js
D:\c sharp\Visual Studio 2015\SubWayTicket\SubWayTicket\src\app\integer.directive.js.map
D:\c sharp\Visual Studio 2015\SubWayTicket\SubWayTicket\src\app\subway.module.js
D:\c sharp\Visual Studio 2015\SubWayTicket\SubWayTicket\src\app\subway.module.js.map
D:\c sharp\Visual Studio 2015\SubWayTicket\SubWayTicket\src\main.js
D:\c sharp\Visual Studio 2015\SubWayTicket\SubWayTicket\src\main.js.map
D:\c sharp\Visual Studio 2015\SubWayTicket\SubWayTicket\src\app\subway.service.js
D:\c sharp\Visual Studio 2015\SubWayTicket\SubWayTicket\src\app\subway.service.js.map
D:\c sharp\Visual Studio 2015\SubWayTicket\SubWayTicket\src\app\subway.component.js
D:\c sharp\Visual Studio 2015\SubWayTicket\SubWayTicket\src\app\subway.component.js.map
D:\c sharp\Visual Studio 2015\SubWayTicket\SubWayTicket\src\app\integer.directive.js
D:\c sharp\Visual Studio 2015\SubWayTicket\SubWayTicket\src\app\integer.directive.js.map
D:\c sharp\Visual Studio 2015\SubWayTicket\SubWayTicket\src\app\subway.module.js
D:\c sharp\Visual Studio 2015\SubWayTicket\SubWayTicket\src\app\subway.module.js.map
D:\c sharp\Visual Studio 2015\SubWayTicket\SubWayTicket\src\main.js
D:\c sharp\Visual Studio 2015\SubWayTicket\SubWayTicket\src\main.js.map
D:\c sharp\Visual Studio 2015\SubWayTicket\SubWayTicket\src\app\subway.service.js
D:\c sharp\Visual Studio 2015\SubWayTicket\SubWayTicket\src\app\subway.service.js.map
D:\c sharp\Visual Studio 2015\SubWayTicket\SubWayTicket\src\app\subway.component.js
D:\c sharp\Visual Studio 2015\SubWayTicket\SubWayTicket\src\app\subway.component.js.map
D:\c sharp\Visual Studio 2015\SubWayTicket\SubWayTicket\src\app\integer.directive.js
D:\c sharp\Visual Studio 2015\SubWayTicket\SubWayTicket\src\app\integer.directive.js.map
D:\c sharp\Visual Studio 2015\SubWayTicket\SubWayTicket\src\app\subway.module.js
D:\c sharp\Visual Studio 2015\SubWayTicket\SubWayTicket\src\app\subway.module.js.map
D:\c sharp\Visual Studio 2015\SubWayTicket\SubWayTicket\src\main.js
D:\c sharp\Visual Studio 2015\SubWayTicket\SubWayTicket\src\main.js.map
D:\c sharp\Visual Studio 2015\SubWayTicket\SubWayTicket\src\app\subway.service.js
D:\c sharp\Visual Studio 2015\SubWayTicket\SubWayTicket\src\app\subway.service.js.map
D:\c sharp\Visual Studio 2015\SubWayTicket\SubWayTicket\src\app\subway.component.js
D:\c sharp\Visual Studio 2015\SubWayTicket\SubWayTicket\src\app\subway.component.js.map
D:\c sharp\Visual Studio 2015\SubWayTicket\SubWayTicket\src\app\integer.directive.js
D:\c sharp\Visual Studio 2015\SubWayTicket\SubWayTicket\src\app\integer.directive.js.map
D:\c sharp\Visual Studio 2015\SubWayTicket\SubWayTicket\src\app\subway.module.js
D:\c sharp\Visual Studio 2015\SubWayTicket\SubWayTicket\src\app\subway.module.js.map
D:\c sharp\Visual Studio 2015\SubWayTicket\SubWayTicket\src\main.js
D:\c sharp\Visual Studio 2015\SubWayTicket\SubWayTicket\src\main.js.map
D:\c sharp\Visual Studio 2015\SubWayTicket\SubWayTicket\src\app\subway.service.js
D:\c sharp\Visual Studio 2015\SubWayTicket\SubWayTicket\src\app\subway.service.js.map
D:\c sharp\Visual Studio 2015\SubWayTicket\SubWayTicket\src\app\subway.component.js
D:\c sharp\Visual Studio 2015\SubWayTicket\SubWayTicket\src\app\subway.component.js.map
D:\c sharp\Visual Studio 2015\SubWayTicket\SubWayTicket\src\app\integer.directive.js
D:\c sharp\Visual Studio 2015\SubWayTicket\SubWayTicket\src\app\integer.directive.js.map
D:\c sharp\Visual Studio 2015\SubWayTicket\SubWayTicket\src\app\subway.module.js
D:\c sharp\Visual Studio 2015\SubWayTicket\SubWayTicket\src\app\subway.module.js.map
D:\c sharp\Visual Studio 2015\SubWayTicket\SubWayTicket\src\main.js
D:\c sharp\Visual Studio 2015\SubWayTicket\SubWayTicket\src\main.js.map
D:\c sharp\Visual Studio 2015\SubWayTicket\SubWayTicket\src\app\subway.service.js
D:\c sharp\Visual Studio 2015\SubWayTicket\SubWayTicket\src\app\subway.service.js.map
D:\c sharp\Visual Studio 2015\SubWayTicket\SubWayTicket\src\app\subway.component.js
D:\c sharp\Visual Studio 2015\SubWayTicket\SubWayTicket\src\app\subway.component.js.map
D:\c sharp\Visual Studio 2015\SubWayTicket\SubWayTicket\src\app\integer.directive.js
D:\c sharp\Visual Studio 2015\SubWayTicket\SubWayTicket\src\app\integer.directive.js.map
D:\c sharp\Visual Studio 2015\SubWayTicket\SubWayTicket\src\app\subway.module.js
D:\c sharp\Visual Studio 2015\SubWayTicket\SubWayTicket\src\app\subway.module.js.map
D:\c sharp\Visual Studio 2015\SubWayTicket\SubWayTicket\src\main.js
D:\c sharp\Visual Studio 2015\SubWayTicket\SubWayTicket\src\main.js.map
D:\c sharp\Visual Studio 2015\SubWayTicket\SubWayTicket\src\app\subway.service.js
D:\c sharp\Visual Studio 2015\SubWayTicket\SubWayTicket\src\app\subway.service.js.map
D:\c sharp\Visual Studio 2015\SubWayTicket\SubWayTicket\src\app\subway.component.js
D:\c sharp\Visual Studio 2015\SubWayTicket\SubWayTicket\src\app\subway.component.js.map
D:\c sharp\Visual Studio 2015\SubWayTicket\SubWayTicket\src\app\integer.directive.js
D:\c sharp\Visual Studio 2015\SubWayTicket\SubWayTicket\src\app\integer.directive.js.map
D:\c sharp\Visual Studio 2015\SubWayTicket\SubWayTicket\src\app\subway.module.js
D:\c sharp\Visual Studio 2015\SubWayTicket\SubWayTicket\src\app\subway.module.js.map
D:\c sharp\Visual Studio 2015\SubWayTicket\SubWayTicket\src\main.js
D:\c sharp\Visual Studio 2015\SubWayTicket\SubWayTicket\src\main.js.map
D:\c sharp\Visual Studio 2015\SubWayTicket\SubWayTicket\src\app\subway.service.js
D:\c sharp\Visual Studio 2015\SubWayTicket\SubWayTicket\src\app\subway.service.js.map
D:\c sharp\Visual Studio 2015\SubWayTicket\SubWayTicket\src\app\subway.component.js
D:\c sharp\Visual Studio 2015\SubWayTicket\SubWayTicket\src\app\subway.component.js.map
D:\c sharp\Visual Studio 2015\SubWayTicket\SubWayTicket\src\app\integer.directive.js
D:\c sharp\Visual Studio 2015\SubWayTicket\SubWayTicket\src\app\integer.directive.js.map
D:\c sharp\Visual Studio 2015\SubWayTicket\SubWayTicket\src\app\subway.module.js
D:\c sharp\Visual Studio 2015\SubWayTicket\SubWayTicket\src\app\subway.module.js.map
D:\c sharp\Visual Studio 2015\SubWayTicket\SubWayTicket\src\main.js
D:\c sharp\Visual Studio 2015\SubWayTicket\SubWayTicket\src\main.js.map
D:\c sharp\Visual Studio 2015\SubWayTicket\SubWayTicket\src\app\subway.service.js
D:\c sharp\Visual Studio 2015\SubWayTicket\SubWayTicket\src\app\subway.service.js.map
D:\c sharp\Visual Studio 2015\SubWayTicket\SubWayTicket\src\app\subway.component.js
D:\c sharp\Visual Studio 2015\SubWayTicket\SubWayTicket\src\app\subway.component.js.map
D:\c sharp\Visual Studio 2015\SubWayTicket\SubWayTicket\src\app\integer.directive.js
D:\c sharp\Visual Studio 2015\SubWayTicket\SubWayTicket\src\app\integer.directive.js.map
D:\c sharp\Visual Studio 2015\SubWayTicket\SubWayTicket\src\app\subway.module.js
D:\c sharp\Visual Studio 2015\SubWayTicket\SubWayTicket\src\app\subway.module.js.map
D:\c sharp\Visual Studio 2015\SubWayTicket\SubWayTicket\src\main.js
D:\c sharp\Visual Studio 2015\SubWayTicket\SubWayTicket\src\main.js.map
D:\c sharp\Visual Studio 2015\SubWayTicket\SubWayTicket\src\app\subway.service.js
D:\c sharp\Visual Studio 2015\SubWayTicket\SubWayTicket\src\app\subway.service.js.map
D:\c sharp\Visual Studio 2015\SubWayTicket\SubWayTicket\src\app\subway.component.js
D:\c sharp\Visual Studio 2015\SubWayTicket\SubWayTicket\src\app\subway.component.js.map
D:\c sharp\Visual Studio 2015\SubWayTicket\SubWayTicket\src\app\integer.directive.js
D:\c sharp\Visual Studio 2015\SubWayTicket\SubWayTicket\src\app\integer.directive.js.map
D:\c sharp\Visual Studio 2015\SubWayTicket\SubWayTicket\src\app\subway.module.js
D:\c sharp\Visual Studio 2015\SubWayTicket\SubWayTicket\src\app\subway.module.js.map
D:\c sharp\Visual Studio 2015\SubWayTicket\SubWayTicket\src\main.js
D:\c sharp\Visual Studio 2015\SubWayTicket\SubWayTicket\src\main.js.map
D:\c sharp\Visual Studio 2015\SubWayTicket\SubWayTicket\src\app\subway.service.js
D:\c sharp\Visual Studio 2015\SubWayTicket\SubWayTicket\src\app\subway.service.js.map
D:\c sharp\Visual Studio 2015\SubWayTicket\SubWayTicket\src\app\subway.component.js
D:\c sharp\Visual Studio 2015\SubWayTicket\SubWayTicket\src\app\subway.component.js.map
D:\c sharp\Visual Studio 2015\SubWayTicket\SubWayTicket\src\app\integer.directive.js
D:\c sharp\Visual Studio 2015\SubWayTicket\SubWayTicket\src\app\integer.directive.js.map
D:\c sharp\Visual Studio 2015\SubWayTicket\SubWayTicket\src\app\subway.module.js
D:\c sharp\Visual Studio 2015\SubWayTicket\SubWayTicket\src\app\subway.module.js.map
D:\c sharp\Visual Studio 2015\SubWayTicket\SubWayTicket\src\main.js
D:\c sharp\Visual Studio 2015\SubWayTicket\SubWayTicket\src\main.js.map
D:\c sharp\Visual Studio 2015\SubWayTicket\SubWayTicket\src\app\subway.service.js
D:\c sharp\Visual Studio 2015\SubWayTicket\SubWayTicket\src\app\subway.service.js.map
D:\c sharp\Visual Studio 2015\SubWayTicket\SubWayTicket\src\app\subway.component.js
D:\c sharp\Visual Studio 2015\SubWayTicket\SubWayTicket\src\app\subway.component.js.map
D:\c sharp\Visual Studio 2015\SubWayTicket\SubWayTicket\src\app\integer.directive.js
D:\c sharp\Visual Studio 2015\SubWayTicket\SubWayTicket\src\app\integer.directive.js.map
D:\c sharp\Visual Studio 2015\SubWayTicket\SubWayTicket\src\app\subway.module.js
D:\c sharp\Visual Studio 2015\SubWayTicket\SubWayTicket\src\app\subway.module.js.map
D:\c sharp\Visual Studio 2015\SubWayTicket\SubWayTicket\src\main.js
D:\c sharp\Visual Studio 2015\SubWayTicket\SubWayTicket\src\main.js.map
D:\c sharp\Visual Studio 2015\SubWayTicket\SubWayTicket\src\app\subway.service.js
D:\c sharp\Visual Studio 2015\SubWayTicket\SubWayTicket\src\app\subway.service.js.map
D:\c sharp\Visual Studio 2015\SubWayTicket\SubWayTicket\src\app\subway.component.js
D:\c sharp\Visual Studio 2015\SubWayTicket\SubWayTicket\src\app\subway.component.js.map
D:\c sharp\Visual Studio 2015\SubWayTicket\SubWayTicket\src\app\integer.directive.js
D:\c sharp\Visual Studio 2015\SubWayTicket\SubWayTicket\src\app\integer.directive.js.map
D:\c sharp\Visual Studio 2015\SubWayTicket\SubWayTicket\src\app\subway.module.js
D:\c sharp\Visual Studio 2015\SubWayTicket\SubWayTicket\src\app\subway.module.js.map
D:\c sharp\Visual Studio 2015\SubWayTicket\SubWayTicket\src\main.js
D:\c sharp\Visual Studio 2015\SubWayTicket\SubWayTicket\src\main.js.map
D:\c sharp\Visual Studio 2015\SubWayTicket\SubWayTicket\src\app\subway.service.js
D:\c sharp\Visual Studio 2015\SubWayTicket\SubWayTicket\src\app\subway.service.js.map
D:\c sharp\Visual Studio 2015\SubWayTicket\SubWayTicket\src\app\subway.component.js
D:\c sharp\Visual Studio 2015\SubWayTicket\SubWayTicket\src\app\subway.component.js.map
D:\c sharp\Visual Studio 2015\SubWayTicket\SubWayTicket\src\app\integer.directive.js
D:\c sharp\Visual Studio 2015\SubWayTicket\SubWayTicket\src\app\integer.directive.js.map
D:\c sharp\Visual Studio 2015\SubWayTicket\SubWayTicket\src\app\subway.module.js
D:\c sharp\Visual Studio 2015\SubWayTicket\SubWayTicket\src\app\subway.module.js.map
D:\c sharp\Visual Studio 2015\SubWayTicket\SubWayTicket\src\main.js
D:\c sharp\Visual Studio 2015\SubWayTicket\SubWayTicket\src\main.js.map
D:\c sharp\Visual Studio 2015\SubWayTicket\SubWayTicket\src\app\subway.service.js
D:\c sharp\Visual Studio 2015\SubWayTicket\SubWayTicket\src\app\subway.service.js.map
D:\c sharp\Visual Studio 2015\SubWayTicket\SubWayTicket\src\app\subway.component.js
D:\c sharp\Visual Studio 2015\SubWayTicket\SubWayTicket\src\app\subway.component.js.map
D:\c sharp\Visual Studio 2015\SubWayTicket\SubWayTicket\src\app\integer.directive.js
D:\c sharp\Visual Studio 2015\SubWayTicket\SubWayTicket\src\app\integer.directive.js.map
D:\c sharp\Visual Studio 2015\SubWayTicket\SubWayTicket\src\app\subway.module.js
D:\c sharp\Visual Studio 2015\SubWayTicket\SubWayTicket\src\app\subway.module.js.map
D:\c sharp\Visual Studio 2015\SubWayTicket\SubWayTicket\src\main.js
D:\c sharp\Visual Studio 2015\SubWayTicket\SubWayTicket\src\main.js.map
D:\c sharp\Visual Studio 2015\SubWayTicket\SubWayTicket\src\app\subway.service.js
D:\c sharp\Visual Studio 2015\SubWayTicket\SubWayTicket\src\app\subway.service.js.map
D:\c sharp\Visual Studio 2015\SubWayTicket\SubWayTicket\src\app\subway.component.js
D:\c sharp\Visual Studio 2015\SubWayTicket\SubWayTicket\src\app\subway.component.js.map
D:\c sharp\Visual Studio 2015\SubWayTicket\SubWayTicket\src\app\integer.directive.js
D:\c sharp\Visual Studio 2015\SubWayTicket\SubWayTicket\src\app\integer.directive.js.map
D:\c sharp\Visual Studio 2015\SubWayTicket\SubWayTicket\src\app\subway.module.js
D:\c sharp\Visual Studio 2015\SubWayTicket\SubWayTicket\src\app\subway.module.js.map
D:\c sharp\Visual Studio 2015\SubWayTicket\SubWayTicket\src\main.js
D:\c sharp\Visual Studio 2015\SubWayTicket\SubWayTicket\src\main.js.map
D:\c sharp\Visual Studio 2015\SubWayTicket\SubWayTicket\src\app\subway.service.js
D:\c sharp\Visual Studio 2015\SubWayTicket\SubWayTicket\src\app\subway.service.js.map
D:\c sharp\Visual Studio 2015\SubWayTicket\SubWayTicket\src\app\subway.component.js
D:\c sharp\Visual Studio 2015\SubWayTicket\SubWayTicket\src\app\subway.component.js.map
D:\c sharp\Visual Studio 2015\SubWayTicket\SubWayTicket\src\app\integer.directive.js
D:\c sharp\Visual Studio 2015\SubWayTicket\SubWayTicket\src\app\integer.directive.js.map
D:\c sharp\Visual Studio 2015\SubWayTicket\SubWayTicket\src\app\subway.module.js
D:\c sharp\Visual Studio 2015\SubWayTicket\SubWayTicket\src\app\subway.module.js.map
D:\c sharp\Visual Studio 2015\SubWayTicket\SubWayTicket\src\main.js
D:\c sharp\Visual Studio 2015\SubWayTicket\SubWayTicket\src\main.js.map
D:\c sharp\Visual Studio 2015\SubWayTicket\SubWayTicket\src\app\subway.service.js
D:\c sharp\Visual Studio 2015\SubWayTicket\SubWayTicket\src\app\subway.service.js.map
D:\c sharp\Visual Studio 2015\SubWayTicket\SubWayTicket\src\app\subway.component.js
D:\c sharp\Visual Studio 2015\SubWayTicket\SubWayTicket\src\app\subway.component.js.map
D:\c sharp\Visual Studio 2015\SubWayTicket\SubWayTicket\src\app\integer.directive.js
D:\c sharp\Visual Studio 2015\SubWayTicket\SubWayTicket\src\app\integer.directive.js.map
D:\c sharp\Visual Studio 2015\SubWayTicket\SubWayTicket\src\app\subway.module.js
D:\c sharp\Visual Studio 2015\SubWayTicket\SubWayTicket\src\app\subway.module.js.map
D:\c sharp\Visual Studio 2015\SubWayTicket\SubWayTicket\src\main.js
D:\c sharp\Visual Studio 2015\SubWayTicket\SubWayTicket\src\main.js.map
D:\c sharp\Visual Studio 2015\SubWayTicket\SubWayTicket\src\app\subway.service.js
D:\c sharp\Visual Studio 2015\SubWayTicket\SubWayTicket\src\app\subway.service.js.map
D:\c sharp\Visual Studio 2015\SubWayTicket\SubWayTicket\src\app\subway.component.js
D:\c sharp\Visual Studio 2015\SubWayTicket\SubWayTicket\src\app\subway.component.js.map
D:\c sharp\Visual Studio 2015\SubWayTicket\SubWayTicket\src\app\integer.directive.js
D:\c sharp\Visual Studio 2015\SubWayTicket\SubWayTicket\src\app\integer.directive.js.map
D:\c sharp\Visual Studio 2015\SubWayTicket\SubWayTicket\src\app\subway.module.js
D:\c sharp\Visual Studio 2015\SubWayTicket\SubWayTicket\src\app\subway.module.js.map
D:\c sharp\Visual Studio 2015\SubWayTicket\SubWayTicket\src\main.js
D:\c sharp\Visual Studio 2015\SubWayTicket\SubWayTicket\src\main.js.map
D:\c sharp\Visual Studio 2015\SubWayTicket\SubWayTicket\src\app\subway.service.js
D:\c sharp\Visual Studio 2015\SubWayTicket\SubWayTicket\src\app\subway.service.js.map
D:\c sharp\Visual Studio 2015\SubWayTicket\SubWayTicket\src\app\subway.component.js
D:\c sharp\Visual Studio 2015\SubWayTicket\SubWayTicket\src\app\subway.component.js.map
D:\c sharp\Visual Studio 2015\SubWayTicket\SubWayTicket\src\app\integer.directive.js
D:\c sharp\Visual Studio 2015\SubWayTicket\SubWayTicket\src\app\integer.directive.js.map
D:\c sharp\Visual Studio 2015\SubWayTicket\SubWayTicket\src\app\subway.module.js
D:\c sharp\Visual Studio 2015\SubWayTicket\SubWayTicket\src\app\subway.module.js.map
D:\c sharp\Visual Studio 2015\SubWayTicket\SubWayTicket\src\main.js
D:\c sharp\Visual Studio 2015\SubWayTicket\SubWayTicket\src\main.js.map
D:\c sharp\Visual Studio 2015\SubWayTicket\SubWayTicket\src\app\subway.service.js
D:\c sharp\Visual Studio 2015\SubWayTicket\SubWayTicket\src\app\subway.service.js.map
D:\c sharp\Visual Studio 2015\SubWayTicket\SubWayTicket\src\app\subway.component.js
D:\c sharp\Visual Studio 2015\SubWayTicket\SubWayTicket\src\app\subway.component.js.map
D:\c sharp\Visual Studio 2015\SubWayTicket\SubWayTicket\src\app\integer.directive.js
D:\c sharp\Visual Studio 2015\SubWayTicket\SubWayTicket\src\app\integer.directive.js.map
D:\c sharp\Visual Studio 2015\SubWayTicket\SubWayTicket\src\app\subway.module.js
D:\c sharp\Visual Studio 2015\SubWayTicket\SubWayTicket\src\app\subway.module.js.map
D:\c sharp\Visual Studio 2015\SubWayTicket\SubWayTicket\src\main.js
D:\c sharp\Visual Studio 2015\SubWayTicket\SubWayTicket\src\main.js.map
D:\c sharp\Visual Studio 2015\SubWayTicket\SubWayTicket\src\app\subway.service.js
D:\c sharp\Visual Studio 2015\SubWayTicket\SubWayTicket\src\app\subway.service.js.map
D:\c sharp\Visual Studio 2015\SubWayTicket\SubWayTicket\src\app\subway.component.js
D:\c sharp\Visual Studio 2015\SubWayTicket\SubWayTicket\src\app\subway.component.js.map
D:\c sharp\Visual Studio 2015\SubWayTicket\SubWayTicket\src\app\integer.directive.js
D:\c sharp\Visual Studio 2015\SubWayTicket\SubWayTicket\src\app\integer.directive.js.map
D:\c sharp\Visual Studio 2015\SubWayTicket\SubWayTicket\src\app\subway.module.js
D:\c sharp\Visual Studio 2015\SubWayTicket\SubWayTicket\src\app\subway.module.js.map
D:\c sharp\Visual Studio 2015\SubWayTicket\SubWayTicket\src\main.js
D:\c sharp\Visual Studio 2015\SubWayTicket\SubWayTicket\src\main.js.map
D:\c sharp\Visual Studio 2015\SubWayTicket\SubWayTicket\src\app\subway.service.js
D:\c sharp\Visual Studio 2015\SubWayTicket\SubWayTicket\src\app\subway.service.js.map
D:\c sharp\Visual Studio 2015\SubWayTicket\SubWayTicket\src\app\subway.component.js
D:\c sharp\Visual Studio 2015\SubWayTicket\SubWayTicket\src\app\subway.component.js.map
D:\c sharp\Visual Studio 2015\SubWayTicket\SubWayTicket\src\app\integer.directive.js
D:\c sharp\Visual Studio 2015\SubWayTicket\SubWayTicket\src\app\integer.directive.js.map
D:\c sharp\Visual Studio 2015\SubWayTicket\SubWayTicket\src\app\subway.module.js
D:\c sharp\Visual Studio 2015\SubWayTicket\SubWayTicket\src\app\subway.module.js.map
D:\c sharp\Visual Studio 2015\SubWayTicket\SubWayTicket\src\main.js
D:\c sharp\Visual Studio 2015\SubWayTicket\SubWayTicket\src\main.js.map
D:\c sharp\Visual Studio 2015\SubWayTicket\SubWayTicket\src\app\subway.service.js
D:\c sharp\Visual Studio 2015\SubWayTicket\SubWayTicket\src\app\subway.service.js.map
D:\c sharp\Visual Studio 2015\SubWayTicket\SubWayTicket\src\app\subway.component.js
D:\c sharp\Visual Studio 2015\SubWayTicket\SubWayTicket\src\app\subway.component.js.map
D:\c sharp\Visual Studio 2015\SubWayTicket\SubWayTicket\src\app\integer.directive.js
D:\c sharp\Visual Studio 2015\SubWayTicket\SubWayTicket\src\app\integer.directive.js.map
D:\c sharp\Visual Studio 2015\SubWayTicket\SubWayTicket\src\app\subway.module.js
D:\c sharp\Visual Studio 2015\SubWayTicket\SubWayTicket\src\app\subway.module.js.map
D:\c sharp\Visual Studio 2015\SubWayTicket\SubWayTicket\src\main.js
D:\c sharp\Visual Studio 2015\SubWayTicket\SubWayTicket\src\main.js.map
D:\c sharp\Visual Studio 2015\SubWayTicket\SubWayTicket\src\app\subway.service.js
D:\c sharp\Visual Studio 2015\SubWayTicket\SubWayTicket\src\app\subway.service.js.map
D:\c sharp\Visual Studio 2015\SubWayTicket\SubWayTicket\src\app\subway.component.js
D:\c sharp\Visual Studio 2015\SubWayTicket\SubWayTicket\src\app\subway.component.js.map
D:\c sharp\Visual Studio 2015\SubWayTicket\SubWayTicket\src\app\integer.directive.js
D:\c sharp\Visual Studio 2015\SubWayTicket\SubWayTicket\src\app\integer.directive.js.map
D:\c sharp\Visual Studio 2015\SubWayTicket\SubWayTicket\src\app\subway.module.js
D:\c sharp\Visual Studio 2015\SubWayTicket\SubWayTicket\src\app\subway.module.js.map
D:\c sharp\Visual Studio 2015\SubWayTicket\SubWayTicket\src\main.js
D:\c sharp\Visual Studio 2015\SubWayTicket\SubWayTicket\src\main.js.map
D:\c sharp\Visual Studio 2015\SubWayTicket\SubWayTicket\src\app\subway.service.js
D:\c sharp\Visual Studio 2015\SubWayTicket\SubWayTicket\src\app\subway.service.js.map
D:\c sharp\Visual Studio 2015\SubWayTicket\SubWayTicket\src\app\subway.component.js
D:\c sharp\Visual Studio 2015\SubWayTicket\SubWayTicket\src\app\subway.component.js.map
D:\c sharp\Visual Studio 2015\SubWayTicket\SubWayTicket\src\app\integer.directive.js
D:\c sharp\Visual Studio 2015\SubWayTicket\SubWayTicket\src\app\integer.directive.js.map
D:\c sharp\Visual Studio 2015\SubWayTicket\SubWayTicket\src\app\subway.module.js
D:\c sharp\Visual Studio 2015\SubWayTicket\SubWayTicket\src\app\subway.module.js.map
D:\c sharp\Visual Studio 2015\SubWayTicket\SubWayTicket\src\main.js
D:\c sharp\Visual Studio 2015\SubWayTicket\SubWayTicket\src\main.js.map
D:\c sharp\Visual Studio 2015\SubWayTicket\SubWayTicket\src\app\subway.service.js
D:\c sharp\Visual Studio 2015\SubWayTicket\SubWayTicket\src\app\subway.service.js.map
D:\c sharp\Visual Studio 2015\SubWayTicket\SubWayTicket\src\app\subway.component.js
D:\c sharp\Visual Studio 2015\SubWayTicket\SubWayTicket\src\app\subway.component.js.map
D:\c sharp\Visual Studio 2015\SubWayTicket\SubWayTicket\src\app\integer.directive.js
D:\c sharp\Visual Studio 2015\SubWayTicket\SubWayTicket\src\app\integer.directive.js.map
D:\c sharp\Visual Studio 2015\SubWayTicket\SubWayTicket\src\app\subway.module.js
D:\c sharp\Visual Studio 2015\SubWayTicket\SubWayTicket\src\app\subway.module.js.map
D:\c sharp\Visual Studio 2015\SubWayTicket\SubWayTicket\src\main.js
D:\c sharp\Visual Studio 2015\SubWayTicket\SubWayTicket\src\main.js.map
D:\c sharp\Visual Studio 2015\SubWayTicket\SubWayTicket\src\app\subway.service.js
D:\c sharp\Visual Studio 2015\SubWayTicket\SubWayTicket\src\app\subway.service.js.map
D:\c sharp\Visual Studio 2015\SubWayTicket\SubWayTicket\src\app\subway.component.js
D:\c sharp\Visual Studio 2015\SubWayTicket\SubWayTicket\src\app\subway.component.js.map
D:\c sharp\Visual Studio 2015\SubWayTicket\SubWayTicket\src\app\integer.directive.js
D:\c sharp\Visual Studio 2015\SubWayTicket\SubWayTicket\src\app\integer.directive.js.map
D:\c sharp\Visual Studio 2015\SubWayTicket\SubWayTicket\src\app\subway.module.js
D:\c sharp\Visual Studio 2015\SubWayTicket\SubWayTicket\src\app\subway.module.js.map
D:\c sharp\Visual Studio 2015\SubWayTicket\SubWayTicket\src\main.js
D:\c sharp\Visual Studio 2015\SubWayTicket\SubWayTicket\src\main.js.map
D:\c sharp\Visual Studio 2015\SubWayTicket\SubWayTicket\src\app\subway.service.js
D:\c sharp\Visual Studio 2015\SubWayTicket\SubWayTicket\src\app\subway.service.js.map
D:\c sharp\Visual Studio 2015\SubWayTicket\SubWayTicket\src\app\subway.component.js
D:\c sharp\Visual Studio 2015\SubWayTicket\SubWayTicket\src\app\subway.component.js.map
D:\c sharp\Visual Studio 2015\SubWayTicket\SubWayTicket\src\app\integer.directive.js
D:\c sharp\Visual Studio 2015\SubWayTicket\SubWayTicket\src\app\integer.directive.js.map
D:\c sharp\Visual Studio 2015\SubWayTicket\SubWayTicket\src\app\subway.module.js
D:\c sharp\Visual Studio 2015\SubWayTicket\SubWayTicket\src\app\subway.module.js.map
D:\c sharp\Visual Studio 2015\SubWayTicket\SubWayTicket\src\main.js
D:\c sharp\Visual Studio 2015\SubWayTicket\SubWayTicket\src\main.js.map
D:\c sharp\Visual Studio 2015\SubWayTicket\SubWayTicket\src\app\subway.service.js
D:\c sharp\Visual Studio 2015\SubWayTicket\SubWayTicket\src\app\subway.service.js.map
D:\c sharp\Visual Studio 2015\SubWayTicket\SubWayTicket\src\app\subway.component.js
D:\c sharp\Visual Studio 2015\SubWayTicket\SubWayTicket\src\app\subway.component.js.map
D:\c sharp\Visual Studio 2015\SubWayTicket\SubWayTicket\src\app\integer.directive.js
D:\c sharp\Visual Studio 2015\SubWayTicket\SubWayTicket\src\app\integer.directive.js.map
D:\c sharp\Visual Studio 2015\SubWayTicket\SubWayTicket\src\app\subway.module.js
D:\c sharp\Visual Studio 2015\SubWayTicket\SubWayTicket\src\app\subway.module.js.map
D:\c sharp\Visual Studio 2015\SubWayTicket\SubWayTicket\src\main.js
D:\c sharp\Visual Studio 2015\SubWayTicket\SubWayTicket\src\main.js.map
D:\c sharp\Visual Studio 2015\SubWayTicket\SubWayTicket\src\app\subway.service.js
D:\c sharp\Visual Studio 2015\SubWayTicket\SubWayTicket\src\app\subway.service.js.map
D:\c sharp\Visual Studio 2015\SubWayTicket\SubWayTicket\src\app\subway.component.js
D:\c sharp\Visual Studio 2015\SubWayTicket\SubWayTicket\src\app\subway.component.js.map
D:\c sharp\Visual Studio 2015\SubWayTicket\SubWayTicket\src\app\integer.directive.js
D:\c sharp\Visual Studio 2015\SubWayTicket\SubWayTicket\src\app\integer.directive.js.map
D:\c sharp\Visual Studio 2015\SubWayTicket\SubWayTicket\src\app\subway.module.js
D:\c sharp\Visual Studio 2015\SubWayTicket\SubWayTicket\src\app\subway.module.js.map
D:\c sharp\Visual Studio 2015\SubWayTicket\SubWayTicket\src\main.js
D:\c sharp\Visual Studio 2015\SubWayTicket\SubWayTicket\src\main.js.map
D:\c sharp\Visual Studio 2015\SubWayTicket\SubWayTicket\src\app\subway.service.js
D:\c sharp\Visual Studio 2015\SubWayTicket\SubWayTicket\src\app\subway.service.js.map
D:\c sharp\Visual Studio 2015\SubWayTicket\SubWayTicket\src\app\subway.component.js
D:\c sharp\Visual Studio 2015\SubWayTicket\SubWayTicket\src\app\subway.component.js.map
D:\c sharp\Visual Studio 2015\SubWayTicket\SubWayTicket\src\app\integer.directive.js
D:\c sharp\Visual Studio 2015\SubWayTicket\SubWayTicket\src\app\integer.directive.js.map
D:\c sharp\Visual Studio 2015\SubWayTicket\SubWayTicket\src\app\subway.module.js
D:\c sharp\Visual Studio 2015\SubWayTicket\SubWayTicket\src\app\subway.module.js.map
D:\c sharp\Visual Studio 2015\SubWayTicket\SubWayTicket\src\main.js
D:\c sharp\Visual Studio 2015\SubWayTicket\SubWayTicket\src\main.js.map
D:\c sharp\Visual Studio 2015\SubWayTicket\SubWayTicket\src\app\subway.service.js
D:\c sharp\Visual Studio 2015\SubWayTicket\SubWayTicket\src\app\subway.service.js.map
D:\c sharp\Visual Studio 2015\SubWayTicket\SubWayTicket\src\app\subway.component.js
D:\c sharp\Visual Studio 2015\SubWayTicket\SubWayTicket\src\app\subway.component.js.map
D:\c sharp\Visual Studio 2015\SubWayTicket\SubWayTicket\src\app\integer.directive.js
D:\c sharp\Visual Studio 2015\SubWayTicket\SubWayTicket\src\app\integer.directive.js.map
D:\c sharp\Visual Studio 2015\SubWayTicket\SubWayTicket\src\app\subway.module.js
D:\c sharp\Visual Studio 2015\SubWayTicket\SubWayTicket\src\app\subway.module.js.map
D:\c sharp\Visual Studio 2015\SubWayTicket\SubWayTicket\src\main.js
D:\c sharp\Visual Studio 2015\SubWayTicket\SubWayTicket\src\main.js.map
D:\c sharp\Visual Studio 2015\SubWayTicket\SubWayTicket\src\app\subway.service.js
D:\c sharp\Visual Studio 2015\SubWayTicket\SubWayTicket\src\app\subway.service.js.map
D:\c sharp\Visual Studio 2015\SubWayTicket\SubWayTicket\src\app\subway.component.js
D:\c sharp\Visual Studio 2015\SubWayTicket\SubWayTicket\src\app\subway.component.js.map
D:\c sharp\Visual Studio 2015\SubWayTicket\SubWayTicket\src\app\integer.directive.js
D:\c sharp\Visual Studio 2015\SubWayTicket\SubWayTicket\src\app\integer.directive.js.map
D:\c sharp\Visual Studio 2015\SubWayTicket\SubWayTicket\src\app\subway.module.js
D:\c sharp\Visual Studio 2015\SubWayTicket\SubWayTicket\src\app\subway.module.js.map
D:\c sharp\Visual Studio 2015\SubWayTicket\SubWayTicket\src\main.js
D:\c sharp\Visual Studio 2015\SubWayTicket\SubWayTicket\src\main.js.map
D:\Visual Studio\TaiwanSubWay\SubWayTicket\src\app\subway.service.js
D:\Visual Studio\TaiwanSubWay\SubWayTicket\src\app\subway.service.js.map
D:\Visual Studio\TaiwanSubWay\SubWayTicket\src\app\subway.component.js
D:\Visual Studio\TaiwanSubWay\SubWayTicket\src\app\subway.component.js.map
D:\Visual Studio\TaiwanSubWay\SubWayTicket\src\app\integer.directive.js
D:\Visual Studio\TaiwanSubWay\SubWayTicket\src\app\integer.directive.js.map
D:\Visual Studio\TaiwanSubWay\SubWayTicket\src\app\subway.module.js
D:\Visual Studio\TaiwanSubWay\SubWayTicket\src\app\subway.module.js.map
D:\Visual Studio\TaiwanSubWay\SubWayTicket\src\main.js
D:\Visual Studio\TaiwanSubWay\SubWayTicket\src\main.js.map
D:\Visual Studio\TaiwanSubWay\SubWayTicket\src\app\subway.service.js
D:\Visual Studio\TaiwanSubWay\SubWayTicket\src\app\subway.service.js.map
D:\Visual Studio\TaiwanSubWay\SubWayTicket\src\app\subway.component.js
D:\Visual Studio\TaiwanSubWay\SubWayTicket\src\app\subway.component.js.map
D:\Visual Studio\TaiwanSubWay\SubWayTicket\src\app\integer.directive.js
D:\Visual Studio\TaiwanSubWay\SubWayTicket\src\app\integer.directive.js.map
D:\Visual Studio\TaiwanSubWay\SubWayTicket\src\app\subway.module.js
D:\Visual Studio\TaiwanSubWay\SubWayTicket\src\app\subway.module.js.map
D:\Visual Studio\TaiwanSubWay\SubWayTicket\src\main.js
D:\Visual Studio\TaiwanSubWay\SubWayTicket\src\main.js.map
D:\Visual Studio\TaiwanSubWay\SubWayTicket\src\app\subway.service.js
D:\Visual Studio\TaiwanSubWay\SubWayTicket\src\app\subway.service.js.map
D:\Visual Studio\TaiwanSubWay\SubWayTicket\src\app\subway.component.js
D:\Visual Studio\TaiwanSubWay\SubWayTicket\src\app\subway.component.js.map
D:\Visual Studio\TaiwanSubWay\SubWayTicket\src\app\integer.directive.js
D:\Visual Studio\TaiwanSubWay\SubWayTicket\src\app\integer.directive.js.map
D:\Visual Studio\TaiwanSubWay\SubWayTicket\src\app\subway.module.js
D:\Visual Studio\TaiwanSubWay\SubWayTicket\src\app\subway.module.js.map
D:\Visual Studio\TaiwanSubWay\SubWayTicket\src\main.js
D:\Visual Studio\TaiwanSubWay\SubWayTicket\src\main.js.map
D:\Visual Studio\TaiwanSubWay\SubWayTicket\src\app\subway.service.js
D:\Visual Studio\TaiwanSubWay\SubWayTicket\src\app\subway.service.js.map
D:\Visual Studio\TaiwanSubWay\SubWayTicket\src\app\subway.component.js
D:\Visual Studio\TaiwanSubWay\SubWayTicket\src\app\subway.component.js.map
D:\Visual Studio\TaiwanSubWay\SubWayTicket\src\app\integer.directive.js
D:\Visual Studio\TaiwanSubWay\SubWayTicket\src\app\integer.directive.js.map
D:\Visual Studio\TaiwanSubWay\SubWayTicket\src\app\subway.module.js
D:\Visual Studio\TaiwanSubWay\SubWayTicket\src\app\subway.module.js.map
D:\Visual Studio\TaiwanSubWay\SubWayTicket\src\main.js
D:\Visual Studio\TaiwanSubWay\SubWayTicket\src\main.js.map
D:\Visual Studio\TaiwanSubWay\SubWayTicket\src\app\subway.service.js
D:\Visual Studio\TaiwanSubWay\SubWayTicket\src\app\subway.service.js.map
D:\Visual Studio\TaiwanSubWay\SubWayTicket\src\app\subway.component.js
D:\Visual Studio\TaiwanSubWay\SubWayTicket\src\app\subway.component.js.map
D:\Visual Studio\TaiwanSubWay\SubWayTicket\src\app\integer.directive.js
D:\Visual Studio\TaiwanSubWay\SubWayTicket\src\app\integer.directive.js.map
D:\Visual Studio\TaiwanSubWay\SubWayTicket\src\app\subway.module.js
D:\Visual Studio\TaiwanSubWay\SubWayTicket\src\app\subway.module.js.map
D:\Visual Studio\TaiwanSubWay\SubWayTicket\src\main.js
D:\Visual Studio\TaiwanSubWay\SubWayTicket\src\main.js.map
D:\Visual Studio\TaiwanSubWay\SubWayTicket\src\app\subway.service.js
D:\Visual Studio\TaiwanSubWay\SubWayTicket\src\app\subway.service.js.map
D:\Visual Studio\TaiwanSubWay\SubWayTicket\src\app\subway.component.js
D:\Visual Studio\TaiwanSubWay\SubWayTicket\src\app\subway.component.js.map
D:\Visual Studio\TaiwanSubWay\SubWayTicket\src\app\integer.directive.js
D:\Visual Studio\TaiwanSubWay\SubWayTicket\src\app\integer.directive.js.map
D:\Visual Studio\TaiwanSubWay\SubWayTicket\src\app\subway.module.js
D:\Visual Studio\TaiwanSubWay\SubWayTicket\src\app\subway.module.js.map
D:\Visual Studio\TaiwanSubWay\SubWayTicket\src\main.js
D:\Visual Studio\TaiwanSubWay\SubWayTicket\src\main.js.map
D:\Visual Studio\TaiwanSubWay\SubWayTicket\src\app\subway.service.js
D:\Visual Studio\TaiwanSubWay\SubWayTicket\src\app\subway.service.js.map
D:\Visual Studio\TaiwanSubWay\SubWayTicket\src\app\subway.component.js
D:\Visual Studio\TaiwanSubWay\SubWayTicket\src\app\subway.component.js.map
D:\Visual Studio\TaiwanSubWay\SubWayTicket\src\app\integer.directive.js
D:\Visual Studio\TaiwanSubWay\SubWayTicket\src\app\integer.directive.js.map
D:\Visual Studio\TaiwanSubWay\SubWayTicket\src\app\subway.module.js
D:\Visual Studio\TaiwanSubWay\SubWayTicket\src\app\subway.module.js.map
D:\Visual Studio\TaiwanSubWay\SubWayTicket\src\main.js
D:\Visual Studio\TaiwanSubWay\SubWayTicket\src\main.js.map
D:\Visual Studio\TaiwanSubWay\SubWayTicket\src\app\subway.service.js
D:\Visual Studio\TaiwanSubWay\SubWayTicket\src\app\subway.service.js.map
D:\Visual Studio\TaiwanSubWay\SubWayTicket\src\app\subway.component.js
D:\Visual Studio\TaiwanSubWay\SubWayTicket\src\app\subway.component.js.map
D:\Visual Studio\TaiwanSubWay\SubWayTicket\src\app\integer.directive.js
D:\Visual Studio\TaiwanSubWay\SubWayTicket\src\app\integer.directive.js.map
D:\Visual Studio\TaiwanSubWay\SubWayTicket\src\app\subway.module.js
D:\Visual Studio\TaiwanSubWay\SubWayTicket\src\app\subway.module.js.map
D:\Visual Studio\TaiwanSubWay\SubWayTicket\src\main.js
D:\Visual Studio\TaiwanSubWay\SubWayTicket\src\main.js.map
D:\Visual Studio\TaiwanSubWay\SubWayTicket\src\app\subway.service.js
D:\Visual Studio\TaiwanSubWay\SubWayTicket\src\app\subway.service.js.map
D:\Visual Studio\TaiwanSubWay\SubWayTicket\src\app\subway.component.js
D:\Visual Studio\TaiwanSubWay\SubWayTicket\src\app\subway.component.js.map
D:\Visual Studio\TaiwanSubWay\SubWayTicket\src\app\integer.directive.js
D:\Visual Studio\TaiwanSubWay\SubWayTicket\src\app\integer.directive.js.map
D:\Visual Studio\TaiwanSubWay\SubWayTicket\src\app\subway.module.js
D:\Visual Studio\TaiwanSubWay\SubWayTicket\src\app\subway.module.js.map
D:\Visual Studio\TaiwanSubWay\SubWayTicket\src\main.js
D:\Visual Studio\TaiwanSubWay\SubWayTicket\src\main.js.map
D:\Visual Studio\TaiwanSubWay\SubWayTicket\src\app\subway.service.js
D:\Visual Studio\TaiwanSubWay\SubWayTicket\src\app\subway.service.js.map
D:\Visual Studio\TaiwanSubWay\SubWayTicket\src\app\subway.component.js
D:\Visual Studio\TaiwanSubWay\SubWayTicket\src\app\subway.component.js.map
D:\Visual Studio\TaiwanSubWay\SubWayTicket\src\app\integer.directive.js
D:\Visual Studio\TaiwanSubWay\SubWayTicket\src\app\integer.directive.js.map
D:\Visual Studio\TaiwanSubWay\SubWayTicket\src\app\subway.module.js
D:\Visual Studio\TaiwanSubWay\SubWayTicket\src\app\subway.module.js.map
D:\Visual Studio\TaiwanSubWay\SubWayTicket\src\main.js
D:\Visual Studio\TaiwanSubWay\SubWayTicket\src\main.js.map
D:\Visual Studio\TaiwanSubWay\SubWayTicket\src\app\subway.service.js
D:\Visual Studio\TaiwanSubWay\SubWayTicket\src\app\subway.service.js.map
D:\Visual Studio\TaiwanSubWay\SubWayTicket\src\app\subway.component.js
D:\Visual Studio\TaiwanSubWay\SubWayTicket\src\app\subway.component.js.map
D:\Visual Studio\TaiwanSubWay\SubWayTicket\src\app\integer.directive.js
D:\Visual Studio\TaiwanSubWay\SubWayTicket\src\app\integer.directive.js.map
D:\Visual Studio\TaiwanSubWay\SubWayTicket\src\app\subway.module.js
D:\Visual Studio\TaiwanSubWay\SubWayTicket\src\app\subway.module.js.map
D:\Visual Studio\TaiwanSubWay\SubWayTicket\src\main.js
D:\Visual Studio\TaiwanSubWay\SubWayTicket\src\main.js.map
D:\Visual Studio\TaiwanSubWay\SubWayTicket\src\app\subway.service.js
D:\Visual Studio\TaiwanSubWay\SubWayTicket\src\app\subway.service.js.map
D:\Visual Studio\TaiwanSubWay\SubWayTicket\src\app\subway.component.js
D:\Visual Studio\TaiwanSubWay\SubWayTicket\src\app\subway.component.js.map
D:\Visual Studio\TaiwanSubWay\SubWayTicket\src\app\integer.directive.js
D:\Visual Studio\TaiwanSubWay\SubWayTicket\src\app\integer.directive.js.map
D:\Visual Studio\TaiwanSubWay\SubWayTicket\src\app\subway.module.js
D:\Visual Studio\TaiwanSubWay\SubWayTicket\src\app\subway.module.js.map
D:\Visual Studio\TaiwanSubWay\SubWayTicket\src\main.js
D:\Visual Studio\TaiwanSubWay\SubWayTicket\src\main.js.map
D:\Visual Studio\TaiwanSubWay\SubWayTicket\src\app\subway.service.js
D:\Visual Studio\TaiwanSubWay\SubWayTicket\src\app\subway.service.js.map
D:\Visual Studio\TaiwanSubWay\SubWayTicket\src\app\subway.component.js
D:\Visual Studio\TaiwanSubWay\SubWayTicket\src\app\subway.component.js.map
D:\Visual Studio\TaiwanSubWay\SubWayTicket\src\app\integer.directive.js
D:\Visual Studio\TaiwanSubWay\SubWayTicket\src\app\integer.directive.js.map
D:\Visual Studio\TaiwanSubWay\SubWayTicket\src\app\subway.module.js
D:\Visual Studio\TaiwanSubWay\SubWayTicket\src\app\subway.module.js.map
D:\Visual Studio\TaiwanSubWay\SubWayTicket\src\main.js
D:\Visual Studio\TaiwanSubWay\SubWayTicket\src\main.js.map
D:\Visual Studio\TaiwanSubWay\SubWayTicket\src\app\subway.service.js
D:\Visual Studio\TaiwanSubWay\SubWayTicket\src\app\subway.service.js.map
D:\Visual Studio\TaiwanSubWay\SubWayTicket\src\app\subway.component.js
D:\Visual Studio\TaiwanSubWay\SubWayTicket\src\app\subway.component.js.map
D:\Visual Studio\TaiwanSubWay\SubWayTicket\src\app\integer.directive.js
D:\Visual Studio\TaiwanSubWay\SubWayTicket\src\app\integer.directive.js.map
D:\Visual Studio\TaiwanSubWay\SubWayTicket\src\app\subway.module.js
D:\Visual Studio\TaiwanSubWay\SubWayTicket\src\app\subway.module.js.map
D:\Visual Studio\TaiwanSubWay\SubWayTicket\src\main.js
D:\Visual Studio\TaiwanSubWay\SubWayTicket\src\main.js.map
D:\Visual Studio\TaiwanSubWay\SubWayTicket\src\app\subway.service.js
D:\Visual Studio\TaiwanSubWay\SubWayTicket\src\app\subway.service.js.map
D:\Visual Studio\TaiwanSubWay\SubWayTicket\src\app\subway.component.js
D:\Visual Studio\TaiwanSubWay\SubWayTicket\src\app\subway.component.js.map
D:\Visual Studio\TaiwanSubWay\SubWayTicket\src\app\integer.directive.js
D:\Visual Studio\TaiwanSubWay\SubWayTicket\src\app\integer.directive.js.map
D:\Visual Studio\TaiwanSubWay\SubWayTicket\src\app\subway.module.js
D:\Visual Studio\TaiwanSubWay\SubWayTicket\src\app\subway.module.js.map
D:\Visual Studio\TaiwanSubWay\SubWayTicket\src\main.js
D:\Visual Studio\TaiwanSubWay\SubWayTicket\src\main.js.map
D:\Visual Studio\TaiwanSubWay\SubWayTicket\src\app\subway.service.js
D:\Visual Studio\TaiwanSubWay\SubWayTicket\src\app\subway.service.js.map
D:\Visual Studio\TaiwanSubWay\SubWayTicket\src\app\subway.component.js
D:\Visual Studio\TaiwanSubWay\SubWayTicket\src\app\subway.component.js.map
D:\Visual Studio\TaiwanSubWay\SubWayTicket\src\app\integer.directive.js
D:\Visual Studio\TaiwanSubWay\SubWayTicket\src\app\integer.directive.js.map
D:\Visual Studio\TaiwanSubWay\SubWayTicket\src\app\subway.module.js
D:\Visual Studio\TaiwanSubWay\SubWayTicket\src\app\subway.module.js.map
D:\Visual Studio\TaiwanSubWay\SubWayTicket\src\main.js
D:\Visual Studio\TaiwanSubWay\SubWayTicket\src\main.js.map
D:\Visual Studio\TaiwanSubWay\SubWayTicket\src\app\subway.service.js
D:\Visual Studio\TaiwanSubWay\SubWayTicket\src\app\subway.service.js.map
D:\Visual Studio\TaiwanSubWay\SubWayTicket\src\app\subway.component.js
D:\Visual Studio\TaiwanSubWay\SubWayTicket\src\app\subway.component.js.map
D:\Visual Studio\TaiwanSubWay\SubWayTicket\src\app\integer.directive.js
D:\Visual Studio\TaiwanSubWay\SubWayTicket\src\app\integer.directive.js.map
D:\Visual Studio\TaiwanSubWay\SubWayTicket\src\app\subway.module.js
D:\Visual Studio\TaiwanSubWay\SubWayTicket\src\app\subway.module.js.map
D:\Visual Studio\TaiwanSubWay\SubWayTicket\src\main.js
D:\Visual Studio\TaiwanSubWay\SubWayTicket\src\main.js.map
D:\Visual Studio\TaiwanSubWay\SubWayTicket\src\app\subway.service.js
D:\Visual Studio\TaiwanSubWay\SubWayTicket\src\app\subway.service.js.map
D:\Visual Studio\TaiwanSubWay\SubWayTicket\src\app\subway.component.js
D:\Visual Studio\TaiwanSubWay\SubWayTicket\src\app\subway.component.js.map
D:\Visual Studio\TaiwanSubWay\SubWayTicket\src\app\integer.directive.js
D:\Visual Studio\TaiwanSubWay\SubWayTicket\src\app\integer.directive.js.map
D:\Visual Studio\TaiwanSubWay\SubWayTicket\src\app\subway.module.js
D:\Visual Studio\TaiwanSubWay\SubWayTicket\src\app\subway.module.js.map
D:\Visual Studio\TaiwanSubWay\SubWayTicket\src\main.js
D:\Visual Studio\TaiwanSubWay\SubWayTicket\src\main.js.map
D:\Visual Studio\TaiwanSubWay\SubWayTicket\src\app\subway.service.js
D:\Visual Studio\TaiwanSubWay\SubWayTicket\src\app\subway.service.js.map
D:\Visual Studio\TaiwanSubWay\SubWayTicket\src\app\subway.component.js
D:\Visual Studio\TaiwanSubWay\SubWayTicket\src\app\subway.component.js.map
D:\Visual Studio\TaiwanSubWay\SubWayTicket\src\app\integer.directive.js
D:\Visual Studio\TaiwanSubWay\SubWayTicket\src\app\integer.directive.js.map
D:\Visual Studio\TaiwanSubWay\SubWayTicket\src\app\subway.module.js
D:\Visual Studio\TaiwanSubWay\SubWayTicket\src\app\subway.module.js.map
D:\Visual Studio\TaiwanSubWay\SubWayTicket\src\main.js
D:\Visual Studio\TaiwanSubWay\SubWayTicket\src\main.js.map
D:\Visual Studio\TaiwanSubWay\SubWayTicket\src\app\subway.service.js
D:\Visual Studio\TaiwanSubWay\SubWayTicket\src\app\subway.service.js.map
D:\Visual Studio\TaiwanSubWay\SubWayTicket\src\app\subway.component.js
D:\Visual Studio\TaiwanSubWay\SubWayTicket\src\app\subway.component.js.map
D:\Visual Studio\TaiwanSubWay\SubWayTicket\src\app\integer.directive.js
D:\Visual Studio\TaiwanSubWay\SubWayTicket\src\app\integer.directive.js.map
D:\Visual Studio\TaiwanSubWay\SubWayTicket\src\app\subway.module.js
D:\Visual Studio\TaiwanSubWay\SubWayTicket\src\app\subway.module.js.map
D:\Visual Studio\TaiwanSubWay\SubWayTicket\src\main.js
D:\Visual Studio\TaiwanSubWay\SubWayTicket\src\main.js.map
D:\Visual Studio\TaiwanSubWay\SubWayTicket\src\app\subway.service.js
D:\Visual Studio\TaiwanSubWay\SubWayTicket\src\app\subway.service.js.map
D:\Visual Studio\TaiwanSubWay\SubWayTicket\src\app\subway.component.js
D:\Visual Studio\TaiwanSubWay\SubWayTicket\src\app\subway.component.js.map
D:\Visual Studio\TaiwanSubWay\SubWayTicket\src\app\integer.directive.js
D:\Visual Studio\TaiwanSubWay\SubWayTicket\src\app\integer.directive.js.map
D:\Visual Studio\TaiwanSubWay\SubWayTicket\src\app\subway.module.js
D:\Visual Studio\TaiwanSubWay\SubWayTicket\src\app\subway.module.js.map
D:\Visual Studio\TaiwanSubWay\SubWayTicket\src\main.js
D:\Visual Studio\TaiwanSubWay\SubWayTicket\src\main.js.map
D:\Visual Studio\TaiwanSubWay\SubWayTicket\src\app\subway.service.js
D:\Visual Studio\TaiwanSubWay\SubWayTicket\src\app\subway.service.js.map
D:\Visual Studio\TaiwanSubWay\SubWayTicket\src\app\subway.component.js
D:\Visual Studio\TaiwanSubWay\SubWayTicket\src\app\subway.component.js.map
D:\Visual Studio\TaiwanSubWay\SubWayTicket\src\app\integer.directive.js
D:\Visual Studio\TaiwanSubWay\SubWayTicket\src\app\integer.directive.js.map
D:\Visual Studio\TaiwanSubWay\SubWayTicket\src\app\subway.module.js
D:\Visual Studio\TaiwanSubWay\SubWayTicket\src\app\subway.module.js.map
D:\Visual Studio\TaiwanSubWay\SubWayTicket\src\main.js
D:\Visual Studio\TaiwanSubWay\SubWayTicket\src\main.js.map
D:\Visual Studio\TaiwanSubWay\SubWayTicket\src\app\subway.service.js
D:\Visual Studio\TaiwanSubWay\SubWayTicket\src\app\subway.service.js.map
D:\Visual Studio\TaiwanSubWay\SubWayTicket\src\app\subway.component.js
D:\Visual Studio\TaiwanSubWay\SubWayTicket\src\app\subway.component.js.map
D:\Visual Studio\TaiwanSubWay\SubWayTicket\src\app\integer.directive.js
D:\Visual Studio\TaiwanSubWay\SubWayTicket\src\app\integer.directive.js.map
D:\Visual Studio\TaiwanSubWay\SubWayTicket\src\app\subway.module.js
D:\Visual Studio\TaiwanSubWay\SubWayTicket\src\app\subway.module.js.map
D:\Visual Studio\TaiwanSubWay\SubWayTicket\src\main.js
D:\Visual Studio\TaiwanSubWay\SubWayTicket\src\main.js.map
D:\Visual Studio\TaiwanSubWay\SubWayTicket\src\app\subway.service.js
D:\Visual Studio\TaiwanSubWay\SubWayTicket\src\app\subway.service.js.map
D:\Visual Studio\TaiwanSubWay\SubWayTicket\src\app\subway.component.js
D:\Visual Studio\TaiwanSubWay\SubWayTicket\src\app\subway.component.js.map
D:\Visual Studio\TaiwanSubWay\SubWayTicket\src\app\integer.directive.js
D:\Visual Studio\TaiwanSubWay\SubWayTicket\src\app\integer.directive.js.map
D:\Visual Studio\TaiwanSubWay\SubWayTicket\src\app\subway.module.js
D:\Visual Studio\TaiwanSubWay\SubWayTicket\src\app\subway.module.js.map
D:\Visual Studio\TaiwanSubWay\SubWayTicket\src\main.js
D:\Visual Studio\TaiwanSubWay\SubWayTicket\src\main.js.map
D:\Visual Studio\TaiwanSubWay\SubWayTicket\src\app\subway.service.js
D:\Visual Studio\TaiwanSubWay\SubWayTicket\src\app\subway.service.js.map
D:\Visual Studio\TaiwanSubWay\SubWayTicket\src\app\subway.component.js
D:\Visual Studio\TaiwanSubWay\SubWayTicket\src\app\subway.component.js.map
D:\Visual Studio\TaiwanSubWay\SubWayTicket\src\app\integer.directive.js
D:\Visual Studio\TaiwanSubWay\SubWayTicket\src\app\integer.directive.js.map
D:\Visual Studio\TaiwanSubWay\SubWayTicket\src\app\subway.module.js
D:\Visual Studio\TaiwanSubWay\SubWayTicket\src\app\subway.module.js.map
D:\Visual Studio\TaiwanSubWay\SubWayTicket\src\main.js
D:\Visual Studio\TaiwanSubWay\SubWayTicket\src\main.js.map
D:\Visual Studio\TaiwanSubWay\SubWayTicket\src\app\subway.service.js
D:\Visual Studio\TaiwanSubWay\SubWayTicket\src\app\subway.service.js.map
D:\Visual Studio\TaiwanSubWay\SubWayTicket\src\app\subway.component.js
D:\Visual Studio\TaiwanSubWay\SubWayTicket\src\app\subway.component.js.map
D:\Visual Studio\TaiwanSubWay\SubWayTicket\src\app\integer.directive.js
D:\Visual Studio\TaiwanSubWay\SubWayTicket\src\app\integer.directive.js.map
D:\Visual Studio\TaiwanSubWay\SubWayTicket\src\app\subway.module.js
D:\Visual Studio\TaiwanSubWay\SubWayTicket\src\app\subway.module.js.map
D:\Visual Studio\TaiwanSubWay\SubWayTicket\src\main.js
D:\Visual Studio\TaiwanSubWay\SubWayTicket\src\main.js.map
D:\Visual Studio\TaiwanSubWay\SubWayTicket\src\app\subway.service.js
D:\Visual Studio\TaiwanSubWay\SubWayTicket\src\app\subway.service.js.map
D:\Visual Studio\TaiwanSubWay\SubWayTicket\src\app\subway.component.js
D:\Visual Studio\TaiwanSubWay\SubWayTicket\src\app\subway.component.js.map
D:\Visual Studio\TaiwanSubWay\SubWayTicket\src\app\integer.directive.js
D:\Visual Studio\TaiwanSubWay\SubWayTicket\src\app\integer.directive.js.map
D:\Visual Studio\TaiwanSubWay\SubWayTicket\src\app\subway.module.js
D:\Visual Studio\TaiwanSubWay\SubWayTicket\src\app\subway.module.js.map
D:\Visual Studio\TaiwanSubWay\SubWayTicket\src\main.js
D:\Visual Studio\TaiwanSubWay\SubWayTicket\src\main.js.map
D:\Visual Studio\TaiwanSubWay\SubWayTicket\src\app\subway.service.js
D:\Visual Studio\TaiwanSubWay\SubWayTicket\src\app\subway.service.js.map
D:\Visual Studio\TaiwanSubWay\SubWayTicket\src\app\subway.component.js
D:\Visual Studio\TaiwanSubWay\SubWayTicket\src\app\subway.component.js.map
D:\Visual Studio\TaiwanSubWay\SubWayTicket\src\app\integer.directive.js
D:\Visual Studio\TaiwanSubWay\SubWayTicket\src\app\integer.directive.js.map
D:\Visual Studio\TaiwanSubWay\SubWayTicket\src\app\subway.module.js
D:\Visual Studio\TaiwanSubWay\SubWayTicket\src\app\subway.module.js.map
D:\Visual Studio\TaiwanSubWay\SubWayTicket\src\main.js
D:\Visual Studio\TaiwanSubWay\SubWayTicket\src\main.js.map
D:\Visual Studio\TaiwanSubWay\SubWayTicket\src\app\subway.service.js
D:\Visual Studio\TaiwanSubWay\SubWayTicket\src\app\subway.service.js.map
D:\Visual Studio\TaiwanSubWay\SubWayTicket\src\app\subway.component.js
D:\Visual Studio\TaiwanSubWay\SubWayTicket\src\app\subway.component.js.map
D:\Visual Studio\TaiwanSubWay\SubWayTicket\src\app\integer.directive.js
D:\Visual Studio\TaiwanSubWay\SubWayTicket\src\app\integer.directive.js.map
D:\Visual Studio\TaiwanSubWay\SubWayTicket\src\app\subway.module.js
D:\Visual Studio\TaiwanSubWay\SubWayTicket\src\app\subway.module.js.map
D:\Visual Studio\TaiwanSubWay\SubWayTicket\src\main.js
D:\Visual Studio\TaiwanSubWay\SubWayTicket\src\main.js.map
D:\Visual Studio\TaiwanSubWay\SubWayTicket\src\app\subway.service.js
D:\Visual Studio\TaiwanSubWay\SubWayTicket\src\app\subway.service.js.map
D:\Visual Studio\TaiwanSubWay\SubWayTicket\src\app\subway.component.js
D:\Visual Studio\TaiwanSubWay\SubWayTicket\src\app\subway.component.js.map
D:\Visual Studio\TaiwanSubWay\SubWayTicket\src\app\integer.directive.js
D:\Visual Studio\TaiwanSubWay\SubWayTicket\src\app\integer.directive.js.map
D:\Visual Studio\TaiwanSubWay\SubWayTicket\src\app\subway.module.js
D:\Visual Studio\TaiwanSubWay\SubWayTicket\src\app\subway.module.js.map
D:\Visual Studio\TaiwanSubWay\SubWayTicket\src\main.js
D:\Visual Studio\TaiwanSubWay\SubWayTicket\src\main.js.map
D:\Visual Studio\TaiwanSubWay\SubWayTicket\src\app\subway.service.js
D:\Visual Studio\TaiwanSubWay\SubWayTicket\src\app\subway.service.js.map
D:\Visual Studio\TaiwanSubWay\SubWayTicket\src\app\subway.component.js
D:\Visual Studio\TaiwanSubWay\SubWayTicket\src\app\subway.component.js.map
D:\Visual Studio\TaiwanSubWay\SubWayTicket\src\app\integer.directive.js
D:\Visual Studio\TaiwanSubWay\SubWayTicket\src\app\integer.directive.js.map
D:\Visual Studio\TaiwanSubWay\SubWayTicket\src\app\subway.module.js
D:\Visual Studio\TaiwanSubWay\SubWayTicket\src\app\subway.module.js.map
D:\Visual Studio\TaiwanSubWay\SubWayTicket\src\main.js
D:\Visual Studio\TaiwanSubWay\SubWayTicket\src\main.js.map
D:\Visual Studio\TaiwanSubWay\SubWayTicket\src\app\subway.service.js
D:\Visual Studio\TaiwanSubWay\SubWayTicket\src\app\subway.service.js.map
D:\Visual Studio\TaiwanSubWay\SubWayTicket\src\app\subway.component.js
D:\Visual Studio\TaiwanSubWay\SubWayTicket\src\app\subway.component.js.map
D:\Visual Studio\TaiwanSubWay\SubWayTicket\src\app\integer.directive.js
D:\Visual Studio\TaiwanSubWay\SubWayTicket\src\app\integer.directive.js.map
D:\Visual Studio\TaiwanSubWay\SubWayTicket\src\app\subway.module.js
D:\Visual Studio\TaiwanSubWay\SubWayTicket\src\app\subway.module.js.map
D:\Visual Studio\TaiwanSubWay\SubWayTicket\src\main.js
D:\Visual Studio\TaiwanSubWay\SubWayTicket\src\main.js.map
D:\Visual Studio\TaiwanSubWay\SubWayTicket\src\app\subway.service.js
D:\Visual Studio\TaiwanSubWay\SubWayTicket\src\app\subway.service.js.map
D:\Visual Studio\TaiwanSubWay\SubWayTicket\src\app\subway.component.js
D:\Visual Studio\TaiwanSubWay\SubWayTicket\src\app\subway.component.js.map
D:\Visual Studio\TaiwanSubWay\SubWayTicket\src\app\integer.directive.js
D:\Visual Studio\TaiwanSubWay\SubWayTicket\src\app\integer.directive.js.map
D:\Visual Studio\TaiwanSubWay\SubWayTicket\src\app\subway.module.js
D:\Visual Studio\TaiwanSubWay\SubWayTicket\src\app\subway.module.js.map
D:\Visual Studio\TaiwanSubWay\SubWayTicket\src\main.js
D:\Visual Studio\TaiwanSubWay\SubWayTicket\src\main.js.map
D:\Visual Studio\TaiwanSubWay\SubWayTicket\src\app\subway.service.js
D:\Visual Studio\TaiwanSubWay\SubWayTicket\src\app\subway.service.js.map
D:\Visual Studio\TaiwanSubWay\SubWayTicket\src\app\subway.component.js
D:\Visual Studio\TaiwanSubWay\SubWayTicket\src\app\subway.component.js.map
D:\Visual Studio\TaiwanSubWay\SubWayTicket\src\app\integer.directive.js
D:\Visual Studio\TaiwanSubWay\SubWayTicket\src\app\integer.directive.js.map
D:\Visual Studio\TaiwanSubWay\SubWayTicket\src\app\subway.module.js
D:\Visual Studio\TaiwanSubWay\SubWayTicket\src\app\subway.module.js.map
D:\Visual Studio\TaiwanSubWay\SubWayTicket\src\main.js
D:\Visual Studio\TaiwanSubWay\SubWayTicket\src\main.js.map
D:\Visual Studio\TaiwanSubWay\SubWayTicket\src\app\subway.service.js
D:\Visual Studio\TaiwanSubWay\SubWayTicket\src\app\subway.service.js.map
D:\Visual Studio\TaiwanSubWay\SubWayTicket\src\app\subway.component.js
D:\Visual Studio\TaiwanSubWay\SubWayTicket\src\app\subway.component.js.map
D:\Visual Studio\TaiwanSubWay\SubWayTicket\src\app\integer.directive.js
D:\Visual Studio\TaiwanSubWay\SubWayTicket\src\app\integer.directive.js.map
D:\Visual Studio\TaiwanSubWay\SubWayTicket\src\app\subway.module.js
D:\Visual Studio\TaiwanSubWay\SubWayTicket\src\app\subway.module.js.map
D:\Visual Studio\TaiwanSubWay\SubWayTicket\src\main.js
D:\Visual Studio\TaiwanSubWay\SubWayTicket\src\main.js.map
D:\Visual Studio\TaiwanSubWay\SubWayTicket\src\app\subway.service.js
D:\Visual Studio\TaiwanSubWay\SubWayTicket\src\app\subway.service.js.map
D:\Visual Studio\TaiwanSubWay\SubWayTicket\src\app\subway.component.js
D:\Visual Studio\TaiwanSubWay\SubWayTicket\src\app\subway.component.js.map
D:\Visual Studio\TaiwanSubWay\SubWayTicket\src\app\integer.directive.js
D:\Visual Studio\TaiwanSubWay\SubWayTicket\src\app\integer.directive.js.map
D:\Visual Studio\TaiwanSubWay\SubWayTicket\src\app\subway.module.js
D:\Visual Studio\TaiwanSubWay\SubWayTicket\src\app\subway.module.js.map
D:\Visual Studio\TaiwanSubWay\SubWayTicket\src\main.js
D:\Visual Studio\TaiwanSubWay\SubWayTicket\src\main.js.map
D:\Visual Studio\TaiwanSubWay\SubWayTicket\src\app\subway.service.js
D:\Visual Studio\TaiwanSubWay\SubWayTicket\src\app\subway.service.js.map
D:\Visual Studio\TaiwanSubWay\SubWayTicket\src\app\subway.component.js
D:\Visual Studio\TaiwanSubWay\SubWayTicket\src\app\subway.component.js.map
D:\Visual Studio\TaiwanSubWay\SubWayTicket\src\app\integer.directive.js
D:\Visual Studio\TaiwanSubWay\SubWayTicket\src\app\integer.directive.js.map
D:\Visual Studio\TaiwanSubWay\SubWayTicket\src\app\subway.module.js
D:\Visual Studio\TaiwanSubWay\SubWayTicket\src\app\subway.module.js.map
D:\Visual Studio\TaiwanSubWay\SubWayTicket\src\main.js
D:\Visual Studio\TaiwanSubWay\SubWayTicket\src\main.js.map
D:\Visual Studio\TaiwanSubWay\SubWayTicket\src\app\subway.service.js
D:\Visual Studio\TaiwanSubWay\SubWayTicket\src\app\subway.service.js.map
D:\Visual Studio\TaiwanSubWay\SubWayTicket\src\app\subway.component.js
D:\Visual Studio\TaiwanSubWay\SubWayTicket\src\app\subway.component.js.map
D:\Visual Studio\TaiwanSubWay\SubWayTicket\src\app\integer.directive.js
D:\Visual Studio\TaiwanSubWay\SubWayTicket\src\app\integer.directive.js.map
D:\Visual Studio\TaiwanSubWay\SubWayTicket\src\app\subway.module.js
D:\Visual Studio\TaiwanSubWay\SubWayTicket\src\app\subway.module.js.map
D:\Visual Studio\TaiwanSubWay\SubWayTicket\src\main.js
D:\Visual Studio\TaiwanSubWay\SubWayTicket\src\main.js.map
D:\Visual Studio\TaiwanSubWay\SubWayTicket\src\app\subway.service.js
D:\Visual Studio\TaiwanSubWay\SubWayTicket\src\app\subway.service.js.map
D:\Visual Studio\TaiwanSubWay\SubWayTicket\src\app\subway.component.js
D:\Visual Studio\TaiwanSubWay\SubWayTicket\src\app\subway.component.js.map
D:\Visual Studio\TaiwanSubWay\SubWayTicket\src\app\integer.directive.js
D:\Visual Studio\TaiwanSubWay\SubWayTicket\src\app\integer.directive.js.map
D:\Visual Studio\TaiwanSubWay\SubWayTicket\src\app\subway.module.js
D:\Visual Studio\TaiwanSubWay\SubWayTicket\src\app\subway.module.js.map
D:\Visual Studio\TaiwanSubWay\SubWayTicket\src\main.js
D:\Visual Studio\TaiwanSubWay\SubWayTicket\src\main.js.map
D:\Visual Studio\TaiwanSubWay\SubWayTicket\src\app\subway.service.js
D:\Visual Studio\TaiwanSubWay\SubWayTicket\src\app\subway.service.js.map
D:\Visual Studio\TaiwanSubWay\SubWayTicket\src\app\subway.component.js
D:\Visual Studio\TaiwanSubWay\SubWayTicket\src\app\subway.component.js.map
D:\Visual Studio\TaiwanSubWay\SubWayTicket\src\app\integer.directive.js
D:\Visual Studio\TaiwanSubWay\SubWayTicket\src\app\integer.directive.js.map
D:\Visual Studio\TaiwanSubWay\SubWayTicket\src\app\subway.module.js
D:\Visual Studio\TaiwanSubWay\SubWayTicket\src\app\subway.module.js.map
D:\Visual Studio\TaiwanSubWay\SubWayTicket\src\main.js
D:\Visual Studio\TaiwanSubWay\SubWayTicket\src\main.js.map
D:\Visual Studio\TaiwanSubWay\SubWayTicket\src\app\subway.service.js
D:\Visual Studio\TaiwanSubWay\SubWayTicket\src\app\subway.service.js.map
D:\Visual Studio\TaiwanSubWay\SubWayTicket\src\app\subway.component.js
D:\Visual Studio\TaiwanSubWay\SubWayTicket\src\app\subway.component.js.map
D:\Visual Studio\TaiwanSubWay\SubWayTicket\src\app\integer.directive.js
D:\Visual Studio\TaiwanSubWay\SubWayTicket\src\app\integer.directive.js.map
D:\Visual Studio\TaiwanSubWay\SubWayTicket\src\app\subway.module.js
D:\Visual Studio\TaiwanSubWay\SubWayTicket\src\app\subway.module.js.map
D:\Visual Studio\TaiwanSubWay\SubWayTicket\src\main.js
D:\Visual Studio\TaiwanSubWay\SubWayTicket\src\main.js.map
D:\Visual Studio\TaiwanSubWay\SubWayTicket\src\app\subway.service.js
D:\Visual Studio\TaiwanSubWay\SubWayTicket\src\app\subway.service.js.map
D:\Visual Studio\TaiwanSubWay\SubWayTicket\src\app\subway.component.js
D:\Visual Studio\TaiwanSubWay\SubWayTicket\src\app\subway.component.js.map
D:\Visual Studio\TaiwanSubWay\SubWayTicket\src\app\integer.directive.js
D:\Visual Studio\TaiwanSubWay\SubWayTicket\src\app\integer.directive.js.map
D:\Visual Studio\TaiwanSubWay\SubWayTicket\src\app\subway.module.js
D:\Visual Studio\TaiwanSubWay\SubWayTicket\src\app\subway.module.js.map
D:\Visual Studio\TaiwanSubWay\SubWayTicket\src\main.js
D:\Visual Studio\TaiwanSubWay\SubWayTicket\src\main.js.map
D:\Visual Studio\TaiwanSubWay\SubWayTicket\src\app\subway.service.js
D:\Visual Studio\TaiwanSubWay\SubWayTicket\src\app\subway.service.js.map
D:\Visual Studio\TaiwanSubWay\SubWayTicket\src\app\subway.component.js
D:\Visual Studio\TaiwanSubWay\SubWayTicket\src\app\subway.component.js.map
D:\Visual Studio\TaiwanSubWay\SubWayTicket\src\app\integer.directive.js
D:\Visual Studio\TaiwanSubWay\SubWayTicket\src\app\integer.directive.js.map
D:\Visual Studio\TaiwanSubWay\SubWayTicket\src\app\subway.module.js
D:\Visual Studio\TaiwanSubWay\SubWayTicket\src\app\subway.module.js.map
D:\Visual Studio\TaiwanSubWay\SubWayTicket\src\main.js
D:\Visual Studio\TaiwanSubWay\SubWayTicket\src\main.js.map
D:\Visual Studio\TaiwanSubWay\SubWayTicket\src\app\subway.service.js
D:\Visual Studio\TaiwanSubWay\SubWayTicket\src\app\subway.service.js.map
D:\Visual Studio\TaiwanSubWay\SubWayTicket\src\app\subway.component.js
D:\Visual Studio\TaiwanSubWay\SubWayTicket\src\app\subway.component.js.map
D:\Visual Studio\TaiwanSubWay\SubWayTicket\src\app\integer.directive.js
D:\Visual Studio\TaiwanSubWay\SubWayTicket\src\app\integer.directive.js.map
D:\Visual Studio\TaiwanSubWay\SubWayTicket\src\app\subway.module.js
D:\Visual Studio\TaiwanSubWay\SubWayTicket\src\app\subway.module.js.map
D:\Visual Studio\TaiwanSubWay\SubWayTicket\src\main.js
D:\Visual Studio\TaiwanSubWay\SubWayTicket\src\main.js.map
